<?xml version="1.0" encoding="UTF-8"?>
<!-- Generated by org.testng.reporters.JUnitXMLReporter -->
<testsuite ignored="0" hostname="COMPU_EFRAT" failures="2" tests="2" name="editDrug" time="42.669" errors="0" timestamp="2023-02-26T00:16:27 IST">
  <testcase classname="sanity.UnitTest.addAndEditInstructionToPatient.EditDrugIns" name="test01_editDrugDailyDosage" time="16.285">
    <failure type="java.lang.IndexOutOfBoundsException" message="Index 1 out of bounds for length 0">
      <![CDATA[java.lang.IndexOutOfBoundsException: Index 1 out of bounds for length 0
at java.base/jdk.internal.util.Preconditions.outOfBounds(Preconditions.java:64)
at java.base/jdk.internal.util.Preconditions.outOfBoundsCheckIndex(Preconditions.java:70)
at java.base/jdk.internal.util.Preconditions.checkIndex(Preconditions.java:266)
at java.base/java.util.Objects.checkIndex(Objects.java:359)
at java.base/java.util.ArrayList.get(ArrayList.java:427)
at org.openqa.selenium.support.pagefactory.internal.LocatingElementListHandler.invoke(LocatingElementListHandler.java:40)
at jdk.proxy2/jdk.proxy2.$Proxy19.get(Unknown Source)
at workflows.doctor.doctorFlows.editDrugDosage(doctorFlows.java:106)
at workflows.doctor.drugFlows.editDrugDailyDosage(drugFlows.java:78)
at sanity.UnitTest.addAndEditInstructionToPatient.EditDrugIns.test01_editDrugDailyDosage(EditDrugIns.java:21)
at java.base/java.util.ArrayList.forEach(ArrayList.java:1511)
... Removed 34 stack frames]]>
    </failure>
  </testcase> <!-- test01_editDrugDailyDosage -->
  <testcase classname="sanity.UnitTest.addAndEditInstructionToPatient.EditDrugIns" name="test01_editDrugDailyNumberOfTime" time="16.733">
    <failure type="java.lang.IndexOutOfBoundsException" message="Index 1 out of bounds for length 0">
      <![CDATA[java.lang.IndexOutOfBoundsException: Index 1 out of bounds for length 0
at java.base/jdk.internal.util.Preconditions.outOfBounds(Preconditions.java:64)
at java.base/jdk.internal.util.Preconditions.outOfBoundsCheckIndex(Preconditions.java:70)
at java.base/jdk.internal.util.Preconditions.checkIndex(Preconditions.java:266)
at java.base/java.util.Objects.checkIndex(Objects.java:359)
at java.base/java.util.ArrayList.get(ArrayList.java:427)
at org.openqa.selenium.support.pagefactory.internal.LocatingElementListHandler.invoke(LocatingElementListHandler.java:40)
at jdk.proxy2/jdk.proxy2.$Proxy19.get(Unknown Source)
at workflows.doctor.doctorFlows.editDrugNumberOfTime(doctorFlows.java:119)
at workflows.doctor.drugFlows.editDrugDailyNumberOfTime(drugFlows.java:86)
at sanity.UnitTest.addAndEditInstructionToPatient.EditDrugIns.test01_editDrugDailyNumberOfTime(EditDrugIns.java:32)
at java.base/java.util.ArrayList.forEach(ArrayList.java:1511)
... Removed 34 stack frames]]>
    </failure>
  </testcase> <!-- test01_editDrugDailyNumberOfTime -->
</testsuite> <!-- editDrug -->
