<?xml version="1.0" encoding="UTF-8"?>
<!-- Generated by org.testng.reporters.JUnitXMLReporter -->
<testsuite ignored="0" hostname="COMPU_EFRAT" failures="2" tests="4" name="emergencyTest" time="77.505" errors="0" timestamp="2023-02-08T00:19:44 IST">
  <testcase classname="sanity.UnitTest.emergency.DoctorEmergency" name="test01_checkHospitalStockCheckbox" time="15.049"/>
  <testcase classname="sanity.UnitTest.emergency.DoctorEmergency" name="test02_checkPossibilitiesInDrugForm" time="16.006"/>
  <testcase classname="sanity.UnitTest.emergency.DoctorEmergency" name="test03_addDrugOnceOnly" time="16.566">
    <failure type="java.lang.AssertionError" message="null">
      <![CDATA[java.lang.AssertionError: null
at extensions.Verifications.isNotDisplay(Verifications.java:78)
at workflows.doctor.drugFlows.addAndSaveDrugOnceOnlyToPatient(drugFlows.java:23)
at sanity.UnitTest.emergency.DoctorEmergency.test03_addDrugOnceOnly(DoctorEmergency.java:58)
at java.base/java.util.ArrayList.forEach(ArrayList.java:1511)
... Removed 33 stack frames]]>
    </failure>
  </testcase> <!-- test03_addDrugOnceOnly -->
  <testcase classname="sanity.UnitTest.emergency.DoctorEmergency" name="test04_addDrugOnceOnlyAndExecute" time="18.37">
    <failure type="java.lang.AssertionError" message="null">
      <![CDATA[java.lang.AssertionError: null
at extensions.Verifications.isNotDisplay(Verifications.java:78)
at workflows.doctor.drugFlows.addAndSaveDrugOnceOnlyWithExecuteToPatient(drugFlows.java:31)
at sanity.UnitTest.emergency.DoctorEmergency.test04_addDrugOnceOnlyAndExecute(DoctorEmergency.java:68)
at java.base/java.util.ArrayList.forEach(ArrayList.java:1511)
... Removed 33 stack frames]]>
    </failure>
  </testcase> <!-- test04_addDrugOnceOnlyAndExecute -->
</testsuite> <!-- emergencyTest -->
