<?xml version="1.0" encoding="UTF-8"?>
<!-- Generated by org.testng.reporters.JUnitXMLReporter -->
<testsuite ignored="12" hostname="COMPU_EFRAT" failures="0" tests="1" name="stopPatientInstruction" time="20.27" errors="0" timestamp="2023-05-07T02:02:29 IDT">
  <testcase classname="sanity.UnitTest.instructionToPatient.DrugsScenario" name="test00_stopAllInstructionToPatient" time="7.908"/>
  <testcase classname="sanity.UnitTest.instructionToPatient.DrugsScenario" name="test06_addAndSaveDrugWeeklyToPatient" time="0.0">
    <ignored/>
  </testcase> <!-- test06_addAndSaveDrugWeeklyToPatient -->
  <testcase classname="sanity.UnitTest.instructionToPatient.DrugsScenario" name="test04_addAndSaveDrugOnceOnlyToPatient" time="0.0">
    <ignored/>
  </testcase> <!-- test04_addAndSaveDrugOnceOnlyToPatient -->
  <testcase classname="sanity.UnitTest.instructionToPatient.DrugsScenario" name="test05_nurseApprovalDrugByHourToPatient" time="0.0">
    <ignored/>
  </testcase> <!-- test05_nurseApprovalDrugByHourToPatient -->
  <testcase classname="sanity.UnitTest.instructionToPatient.DrugsScenario" name="test03_addAndSaveDrugSOSToPatient" time="0.0">
    <ignored/>
  </testcase> <!-- test03_addAndSaveDrugSOSToPatient -->
  <testcase classname="sanity.UnitTest.instructionToPatient.DrugsScenario" name="test04_nurseApprovalDrugOnceOnlyToPatient" time="0.0">
    <ignored/>
  </testcase> <!-- test04_nurseApprovalDrugOnceOnlyToPatient -->
  <testcase classname="sanity.UnitTest.instructionToPatient.DrugsScenario" name="test02_nurseApprovalFutureDrugDailyToPatient" time="0.0">
    <ignored/>
  </testcase> <!-- test02_nurseApprovalFutureDrugDailyToPatient -->
  <testcase classname="sanity.UnitTest.instructionToPatient.DrugsScenario" name="test02_addAndSaveFutureDrugDailyToPatient" time="0.0">
    <ignored/>
  </testcase> <!-- test02_addAndSaveFutureDrugDailyToPatient -->
  <testcase classname="sanity.UnitTest.instructionToPatient.DrugsScenario" name="test03_nurseApprovalDrugSOSToPatient" time="0.0">
    <ignored/>
  </testcase> <!-- test03_nurseApprovalDrugSOSToPatient -->
  <testcase classname="sanity.UnitTest.instructionToPatient.DrugsScenario" name="test01_nurseApprovalDrugDailyToPatient" time="0.0">
    <ignored/>
  </testcase> <!-- test01_nurseApprovalDrugDailyToPatient -->
  <testcase classname="sanity.UnitTest.instructionToPatient.DrugsScenario" name="test01_addAndSaveDrugDailyToPatient" time="0.0">
    <ignored/>
  </testcase> <!-- test01_addAndSaveDrugDailyToPatient -->
  <testcase classname="sanity.UnitTest.instructionToPatient.DrugsScenario" name="test06_nurseApprovalDrugWeeklyToPatient" time="0.0">
    <ignored/>
  </testcase> <!-- test06_nurseApprovalDrugWeeklyToPatient -->
  <testcase classname="sanity.UnitTest.instructionToPatient.DrugsScenario" name="test05_addAndSaveDrugByHourToPatient" time="0.0">
    <ignored/>
  </testcase> <!-- test05_addAndSaveDrugByHourToPatient -->
</testsuite> <!-- stopPatientInstruction -->
