<?xml version="1.0" encoding="UTF-8"?>
<!-- Generated by org.testng.reporters.JUnitXMLReporter -->
<testsuite ignored="29" hostname="COMPU_EFRAT" failures="0" tests="3" name="03_ContinuesSanity" time="46.809" errors="0" timestamp="2022-10-03T13:01:32 IDT">
  <testcase classname="regression.doctor.doctorAddInstruction" name="addAndSignDrugDilutedContinues" time="12.711"/>
  <testcase classname="regression.nurse.nurseApproval" name="approvalLiquidContinues" time="8.004"/>
  <testcase classname="regression.nurse.nurseExecute" name="executeLiquidContinues" time="8.707"/>
  <testcase classname="regression.nurse.nurseApproval" name="approvalBloodProdIns" time="0.0">
    <ignored/>
  </testcase> <!-- approvalBloodProdIns -->
  <testcase classname="regression.doctor.doctorAddInstruction" name="addAndSignDrugWeekly" time="0.0">
    <ignored/>
  </testcase> <!-- addAndSignDrugWeekly -->
  <testcase classname="regression.doctor.doctorAddInstruction" name="addAndSignDrugOnceOnly" time="0.0">
    <ignored/>
  </testcase> <!-- addAndSignDrugOnceOnly -->
  <testcase classname="regression.doctor.doctorAddInstruction" name="addNutritionIns" time="0.0">
    <ignored/>
  </testcase> <!-- addNutritionIns -->
  <testcase classname="regression.nurse.nurseApproval" name="approvalAllPossibilitiesDrugs" time="0.0">
    <ignored/>
  </testcase> <!-- approvalAllPossibilitiesDrugs -->
  <testcase classname="regression.doctor.doctorAddInstruction" name="addAndSignUnknownDrug" time="0.0">
    <ignored/>
  </testcase> <!-- addAndSignUnknownDrug -->
  <testcase classname="regression.doctor.doctorAddInstruction" name="addAndSignDrugEveryXHour" time="0.0">
    <ignored/>
  </testcase> <!-- addAndSignDrugEveryXHour -->
  <testcase classname="regression.doctor.doctorAddInstruction" name="addAndSignDilutedDrugRequestSupervision" time="0.0">
    <ignored/>
  </testcase> <!-- addAndSignDilutedDrugRequestSupervision -->
  <testcase classname="regression.nurse.nurseExecute" name="executeGeneralIns" time="0.0">
    <ignored/>
  </testcase> <!-- executeGeneralIns -->
  <testcase classname="regression.nurse.nurseExecute" name="executeAllPossibilitiesDrugs" time="0.0">
    <ignored/>
  </testcase> <!-- executeAllPossibilitiesDrugs -->
  <testcase classname="regression.doctor.doctorAddInstruction" name="addAndSignDrugSOS" time="0.0">
    <ignored/>
  </testcase> <!-- addAndSignDrugSOS -->
  <testcase classname="regression.nurse.nurseApproval" name="approvalLiquidTimeLimit" time="0.0">
    <ignored/>
  </testcase> <!-- approvalLiquidTimeLimit -->
  <testcase classname="regression.doctor.doctorAddInstruction" name="addAndSignDilutedDrug" time="0.0">
    <ignored/>
  </testcase> <!-- addAndSignDilutedDrug -->
  <testcase classname="regression.nurse.nurseExecute" name="executeLiquidTimeLimitWithSupervision" time="0.0">
    <ignored/>
  </testcase> <!-- executeLiquidTimeLimitWithSupervision -->
  <testcase classname="regression.nurse.nurseExecute" name="executeBloodProdIns" time="0.0">
    <ignored/>
  </testcase> <!-- executeBloodProdIns -->
  <testcase classname="regression.nurse.nurseApproval" name="approvalNutritionIns" time="0.0">
    <ignored/>
  </testcase> <!-- approvalNutritionIns -->
  <testcase classname="regression.nurse.nurseExecute" name="executeNutritionIns" time="0.0">
    <ignored/>
  </testcase> <!-- executeNutritionIns -->
  <testcase classname="regression.doctor.doctorAddInstruction" name="addAndSingAllPossibilitiesDrugAndGeneralAndBloodAndNutrition" time="0.0">
    <ignored/>
  </testcase> <!-- addAndSingAllPossibilitiesDrugAndGeneralAndBloodAndNutrition -->
  <testcase classname="regression.nurse.nurseApproval" name="approvalAllInstruction" time="0.0">
    <ignored/>
  </testcase> <!-- approvalAllInstruction -->
  <testcase classname="regression.doctor.doctorAddInstruction" name="addAndSignDrugDaily" time="0.0">
    <ignored/>
  </testcase> <!-- addAndSignDrugDaily -->
  <testcase classname="utilities.CommonOps" name="@BeforeSuite BeforeSuite" time="0.0">
    <ignored/>
  </testcase> <!-- @BeforeSuite BeforeSuite -->
  <testcase classname="utilities.CommonOps" name="@BeforeSuite BeforeSuite" time="0.0">
    <ignored/>
  </testcase> <!-- @BeforeSuite BeforeSuite -->
  <testcase classname="regression.doctor.doctorAddInstruction" name="addGeneralIns" time="0.0">
    <ignored/>
  </testcase> <!-- addGeneralIns -->
  <testcase classname="regression.doctor.doctorAddInstruction" name="addBloodProdIns" time="0.0">
    <ignored/>
  </testcase> <!-- addBloodProdIns -->
  <testcase classname="regression.nurse.nurseApproval" name="approvalDrug" time="0.0">
    <ignored/>
  </testcase> <!-- approvalDrug -->
  <testcase classname="regression.nurse.nurseApproval" name="approvalTwoGeneralIns" time="0.0">
    <ignored/>
  </testcase> <!-- approvalTwoGeneralIns -->
  <testcase classname="regression.nurse.nurseExecute" name="executeLiquidTimeLimit" time="0.0">
    <ignored/>
  </testcase> <!-- executeLiquidTimeLimit -->
  <testcase classname="regression.doctor.doctorAddInstruction" name="addAndSignAllPossibilitiesDrug" time="0.0">
    <ignored/>
  </testcase> <!-- addAndSignAllPossibilitiesDrug -->
  <testcase classname="regression.nurse.nurseExecute" name="executeAllInstruction" time="0.0">
    <ignored/>
  </testcase> <!-- executeAllInstruction -->
</testsuite> <!-- 03_ContinuesSanity -->
