<?xml version="1.0" encoding="UTF-8"?>
<!-- Generated by org.testng.reporters.JUnitXMLReporter -->
<testsuite hostname="COMPU_EFRAT" ignored="14" name="04_AllInstruction_add,approval,execution" tests="2" failures="2" timestamp="2022-09-13T02:14:51 IDT" time="41.571" errors="0">
  <testcase name="addAndSingAllPossibilitiesDrugAndGeneralAndBloodAndNutrition" time="15.53" classname="regression.doctor.doctorAddInstruction">
    <failure type="org.openqa.selenium.NoSuchElementException" message="no such element: Unable to locate element: {&amp;quot;method&amp;quot;:&amp;quot;css selector&amp;quot;,&amp;quot;selector&amp;quot;:&amp;quot;#numberOfTimes_daily&amp;quot;}
  (Session info: chrome=103.0.5060.134)
For documentation on this error, please visit: https://www.seleniumhq.org/exceptions/no_such_element.html
Build info: version: &amp;apos;3.141.59&amp;apos;, revision: &amp;apos;e82be7d358&amp;apos;, time: &amp;apos;2018-11-14T08:17:03&amp;apos;
System info: host: &amp;apos;COMPU_EFRAT&amp;apos;, ip: &amp;apos;172.20.8.167&amp;apos;, os.name: &amp;apos;Windows 10&amp;apos;, os.arch: &amp;apos;amd64&amp;apos;, os.version: &amp;apos;10.0&amp;apos;, java.version: &amp;apos;1.8.0_211&amp;apos;
Driver info: org.openqa.selenium.chrome.ChromeDriver
Capabilities {acceptInsecureCerts: false, browserName: chrome, browserVersion: 103.0.5060.134, chrome: {chromedriverVersion: 103.0.5060.134 (8ec6fce403b..., userDataDir: C:\Users\efeldman\AppData\L...}, goog:chromeOptions: {debuggerAddress: localhost:61368}, javascriptEnabled: true, networkConnectionEnabled: false, pageLoadStrategy: normal, platform: WINDOWS, platformName: WINDOWS, proxy: Proxy(), setWindowRect: true, strictFileInteractability: false, timeouts: {implicit: 0, pageLoad: 300000, script: 30000}, unhandledPromptBehavior: dismiss and notify, webauthn:extension:credBlob: true, webauthn:extension:largeBlob: true, webauthn:virtualAuthenticators: true}
Session ID: 551886868a0462afa317e316268481f7
*** Element info: {Using=id, value=numberOfTimes_daily}">
      <![CDATA[org.openqa.selenium.NoSuchElementException: no such element: Unable to locate element: {"method":"css selector","selector":"#numberOfTimes_daily"}
  (Session info: chrome=103.0.5060.134)
For documentation on this error, please visit: https://www.seleniumhq.org/exceptions/no_such_element.html
Build info: version: '3.141.59', revision: 'e82be7d358', time: '2018-11-14T08:17:03'
System info: host: 'COMPU_EFRAT', ip: '172.20.8.167', os.name: 'Windows 10', os.arch: 'amd64', os.version: '10.0', java.version: '1.8.0_211'
Driver info: org.openqa.selenium.chrome.ChromeDriver
Capabilities {acceptInsecureCerts: false, browserName: chrome, browserVersion: 103.0.5060.134, chrome: {chromedriverVersion: 103.0.5060.134 (8ec6fce403b..., userDataDir: C:\Users\efeldman\AppData\L...}, goog:chromeOptions: {debuggerAddress: localhost:61368}, javascriptEnabled: true, networkConnectionEnabled: false, pageLoadStrategy: normal, platform: WINDOWS, platformName: WINDOWS, proxy: Proxy(), setWindowRect: true, strictFileInteractability: false, timeouts: {implicit: 0, pageLoad: 300000, script: 30000}, unhandledPromptBehavior: dismiss and notify, webauthn:extension:credBlob: true, webauthn:extension:largeBlob: true, webauthn:virtualAuthenticators: true}
Session ID: 551886868a0462afa317e316268481f7
*** Element info: {Using=id, value=numberOfTimes_daily}
at org.openqa.selenium.remote.http.W3CHttpResponseCodec.createException(W3CHttpResponseCodec.java:187)
at org.openqa.selenium.remote.http.W3CHttpResponseCodec.decode(W3CHttpResponseCodec.java:122)
at org.openqa.selenium.remote.http.W3CHttpResponseCodec.decode(W3CHttpResponseCodec.java:49)
at org.openqa.selenium.remote.HttpCommandExecutor.execute(HttpCommandExecutor.java:158)
at org.openqa.selenium.remote.service.DriverCommandExecutor.execute(DriverCommandExecutor.java:83)
at org.openqa.selenium.remote.RemoteWebDriver.execute(RemoteWebDriver.java:552)
at org.openqa.selenium.remote.RemoteWebDriver.findElement(RemoteWebDriver.java:323)
at org.openqa.selenium.remote.RemoteWebDriver.findElementById(RemoteWebDriver.java:372)
at org.openqa.selenium.By$ById.findElement(By.java:188)
at org.openqa.selenium.remote.RemoteWebDriver.findElement(RemoteWebDriver.java:315)
at org.openqa.selenium.support.pagefactory.DefaultElementLocator.findElement(DefaultElementLocator.java:69)
at org.openqa.selenium.support.pagefactory.internal.LocatingElementHandler.invoke(LocatingElementHandler.java:38)
at com.sun.proxy.$Proxy12.click(Unknown Source)
at workflows.doctor.drugFormFlows.fillDrugNumberOfTimes(drugFormFlows.java:83)
at workflows.doctor.drugFormFlows.drugFormAddDrugDaily(drugFormFlows.java:120)
at workflows.doctor.drugFlows.addAllPossibilitiesDrug(drugFlows.java:19)
at regression.doctor.doctorAddInstruction.addAndSingAllPossibilitiesDrugAndGeneralAndBloodAndNutrition(doctorAddInstruction.java:151)
at java.util.ArrayList.forEach(ArrayList.java:1257)
... Removed 35 stack frames]]>
    </failure>
  </testcase> <!-- addAndSingAllPossibilitiesDrugAndGeneralAndBloodAndNutrition -->
  <testcase name="approvalAllInstruction" time="12.69" classname="regression.nurse.nurseApprovalDrugs">
    <failure type="org.openqa.selenium.NoSuchElementException" message="no such element: Unable to locate element: {&amp;quot;method&amp;quot;:&amp;quot;css selector&amp;quot;,&amp;quot;selector&amp;quot;:&amp;quot;#user&amp;quot;}
  (Session info: chrome=103.0.5060.134)
For documentation on this error, please visit: https://www.seleniumhq.org/exceptions/no_such_element.html
Build info: version: &amp;apos;3.141.59&amp;apos;, revision: &amp;apos;e82be7d358&amp;apos;, time: &amp;apos;2018-11-14T08:17:03&amp;apos;
System info: host: &amp;apos;COMPU_EFRAT&amp;apos;, ip: &amp;apos;172.20.8.167&amp;apos;, os.name: &amp;apos;Windows 10&amp;apos;, os.arch: &amp;apos;amd64&amp;apos;, os.version: &amp;apos;10.0&amp;apos;, java.version: &amp;apos;1.8.0_211&amp;apos;
Driver info: org.openqa.selenium.chrome.ChromeDriver
Capabilities {acceptInsecureCerts: false, browserName: chrome, browserVersion: 103.0.5060.134, chrome: {chromedriverVersion: 103.0.5060.134 (8ec6fce403b..., userDataDir: C:\Users\efeldman\AppData\L...}, goog:chromeOptions: {debuggerAddress: localhost:61405}, javascriptEnabled: true, networkConnectionEnabled: false, pageLoadStrategy: normal, platform: WINDOWS, platformName: WINDOWS, proxy: Proxy(), setWindowRect: true, strictFileInteractability: false, timeouts: {implicit: 0, pageLoad: 300000, script: 30000}, unhandledPromptBehavior: dismiss and notify, webauthn:extension:credBlob: true, webauthn:extension:largeBlob: true, webauthn:virtualAuthenticators: true}
Session ID: 82af40f556f7ddd0acdd623e03de90d1
*** Element info: {Using=id, value=user}">
      <![CDATA[org.openqa.selenium.NoSuchElementException: no such element: Unable to locate element: {"method":"css selector","selector":"#user"}
  (Session info: chrome=103.0.5060.134)
For documentation on this error, please visit: https://www.seleniumhq.org/exceptions/no_such_element.html
Build info: version: '3.141.59', revision: 'e82be7d358', time: '2018-11-14T08:17:03'
System info: host: 'COMPU_EFRAT', ip: '172.20.8.167', os.name: 'Windows 10', os.arch: 'amd64', os.version: '10.0', java.version: '1.8.0_211'
Driver info: org.openqa.selenium.chrome.ChromeDriver
Capabilities {acceptInsecureCerts: false, browserName: chrome, browserVersion: 103.0.5060.134, chrome: {chromedriverVersion: 103.0.5060.134 (8ec6fce403b..., userDataDir: C:\Users\efeldman\AppData\L...}, goog:chromeOptions: {debuggerAddress: localhost:61405}, javascriptEnabled: true, networkConnectionEnabled: false, pageLoadStrategy: normal, platform: WINDOWS, platformName: WINDOWS, proxy: Proxy(), setWindowRect: true, strictFileInteractability: false, timeouts: {implicit: 0, pageLoad: 300000, script: 30000}, unhandledPromptBehavior: dismiss and notify, webauthn:extension:credBlob: true, webauthn:extension:largeBlob: true, webauthn:virtualAuthenticators: true}
Session ID: 82af40f556f7ddd0acdd623e03de90d1
*** Element info: {Using=id, value=user}
at org.openqa.selenium.remote.http.W3CHttpResponseCodec.createException(W3CHttpResponseCodec.java:187)
at org.openqa.selenium.remote.http.W3CHttpResponseCodec.decode(W3CHttpResponseCodec.java:122)
at org.openqa.selenium.remote.http.W3CHttpResponseCodec.decode(W3CHttpResponseCodec.java:49)
at org.openqa.selenium.remote.HttpCommandExecutor.execute(HttpCommandExecutor.java:158)
at org.openqa.selenium.remote.service.DriverCommandExecutor.execute(DriverCommandExecutor.java:83)
at org.openqa.selenium.remote.RemoteWebDriver.execute(RemoteWebDriver.java:552)
at org.openqa.selenium.remote.RemoteWebDriver.findElement(RemoteWebDriver.java:323)
at org.openqa.selenium.remote.RemoteWebDriver.findElementById(RemoteWebDriver.java:372)
at org.openqa.selenium.By$ById.findElement(By.java:188)
at org.openqa.selenium.remote.RemoteWebDriver.findElement(RemoteWebDriver.java:315)
at org.openqa.selenium.support.pagefactory.DefaultElementLocator.findElement(DefaultElementLocator.java:69)
at org.openqa.selenium.support.pagefactory.internal.LocatingElementHandler.invoke(LocatingElementHandler.java:38)
at com.sun.proxy.$Proxy12.clear(Unknown Source)
at workflows.WebFlows.userSignConfirm(WebFlows.java:19)
at workflows.drugs.nurse.nurseFlows.approvalDailyDrugListAndClose(nurseFlows.java:74)
at regression.nurse.nurseApprovalDrugs.approvalAllInstruction(nurseApprovalDrugs.java:82)
at java.util.ArrayList.forEach(ArrayList.java:1257)
... Removed 35 stack frames]]>
    </failure>
  </testcase> <!-- approvalAllInstruction -->
  <testcase name="addAndSignDrugWeekly" time="0.0" classname="regression.doctor.doctorAddInstruction">
    <ignored/>
  </testcase> <!-- addAndSignDrugWeekly -->
  <testcase name="addAndSignDrugOnceOnly" time="0.0" classname="regression.doctor.doctorAddInstruction">
    <ignored/>
  </testcase> <!-- addAndSignDrugOnceOnly -->
  <testcase name="approvalLiquidContinues" time="0.0" classname="regression.nurse.nurseApprovalDrugs">
    <ignored/>
  </testcase> <!-- approvalLiquidContinues -->
  <testcase name="addAndSignDrugDilutedContinues" time="0.0" classname="regression.doctor.doctorAddInstruction">
    <ignored/>
  </testcase> <!-- addAndSignDrugDilutedContinues -->
  <testcase name="addAndSignDrugDaily" time="0.0" classname="regression.doctor.doctorAddInstruction">
    <ignored/>
  </testcase> <!-- addAndSignDrugDaily -->
  <testcase name="approvalLiquidTimeLimit" time="0.0" classname="regression.nurse.nurseApprovalDrugs">
    <ignored/>
  </testcase> <!-- approvalLiquidTimeLimit -->
  <testcase name="approvalDrug" time="0.0" classname="regression.nurse.nurseApprovalDrugs">
    <ignored/>
  </testcase> <!-- approvalDrug -->
  <testcase name="addAndSignUnknownDrug" time="0.0" classname="regression.doctor.doctorAddInstruction">
    <ignored/>
  </testcase> <!-- addAndSignUnknownDrug -->
  <testcase name="addAndSignDrugEveryXHour" time="0.0" classname="regression.doctor.doctorAddInstruction">
    <ignored/>
  </testcase> <!-- addAndSignDrugEveryXHour -->
  <testcase name="@BeforeSuite BeforeSuite" time="0.0" classname="utilities.CommonOps">
    <ignored/>
  </testcase> <!-- @BeforeSuite BeforeSuite -->
  <testcase name="addAndSignDilutedDrugRequestSupervision" time="0.0" classname="regression.doctor.doctorAddInstruction">
    <ignored/>
  </testcase> <!-- addAndSignDilutedDrugRequestSupervision -->
  <testcase name="approvalAllPossibilitiesDrugs" time="0.0" classname="regression.nurse.nurseApprovalDrugs">
    <ignored/>
  </testcase> <!-- approvalAllPossibilitiesDrugs -->
  <testcase name="addAndSignDrugSOS" time="0.0" classname="regression.doctor.doctorAddInstruction">
    <ignored/>
  </testcase> <!-- addAndSignDrugSOS -->
  <testcase name="addAndSignAllPossibilitiesDrug" time="0.0" classname="regression.doctor.doctorAddInstruction">
    <ignored/>
  </testcase> <!-- addAndSignAllPossibilitiesDrug -->
</testsuite> <!-- 04_AllInstruction_add,approval,execution -->
