<?xml version="1.0" encoding="UTF-8"?>
<!-- Generated by org.testng.reporters.JUnitXMLReporter -->
<testsuite hostname="COMPU_EFRAT" ignored="13" name="ContinuesSanity" tests="3" failures="1" timestamp="2022-08-15T23:32:42 IDT" time="45.478" errors="0">
  <testcase name="addAndSignDrugDilutedContinues" time="13.415" classname="regression.doctor.doctorAddInstruction"/>
  <testcase name="approvalLiquidContinues" time="4.142" classname="regression.nurse.nurseApprovalDrugs"/>
  <testcase name="executeLiquidTimeLimitWithSupervision" time="9.105" classname="regression.nurse.nurseExecute">
    <failure type="java.lang.IndexOutOfBoundsException" message="Index: 0, Size: 0">
      <![CDATA[java.lang.IndexOutOfBoundsException: Index: 0, Size: 0
at java.util.ArrayList.rangeCheck(ArrayList.java:657)
at java.util.ArrayList.get(ArrayList.java:433)
at org.openqa.selenium.support.pagefactory.internal.LocatingElementListHandler.invoke(LocatingElementListHandler.java:39)
at com.sun.proxy.$Proxy13.get(Unknown Source)
at workflows.drugs.nurse.nurseFlows.cardexPage_TimeLimitLiquidExecuteAndSupervision(nurseFlows.java:192)
at regression.nurse.nurseExecute.executeLiquidTimeLimitWithSupervision(nurseExecute.java:40)
at java.util.ArrayList.forEach(ArrayList.java:1257)
... Removed 34 stack frames]]>
    </failure>
  </testcase> <!-- executeLiquidTimeLimitWithSupervision -->
  <testcase name="executeLiquidContinues" time="0.0" classname="regression.nurse.nurseExecute">
    <ignored/>
  </testcase> <!-- executeLiquidContinues -->
  <testcase name="addAndSignDrugOnceOnly" time="0.0" classname="regression.doctor.doctorAddInstruction">
    <ignored/>
  </testcase> <!-- addAndSignDrugOnceOnly -->
  <testcase name="addAndSingAllPossibilitiesDrugAndGeneralAndBloodAndNutrition" time="0.0" classname="regression.doctor.doctorAddInstruction">
    <ignored/>
  </testcase> <!-- addAndSingAllPossibilitiesDrugAndGeneralAndBloodAndNutrition -->
  <testcase name="addAndSignDrugDaily" time="0.0" classname="regression.doctor.doctorAddInstruction">
    <ignored/>
  </testcase> <!-- addAndSignDrugDaily -->
  <testcase name="approvalLiquidTimeLimit" time="0.0" classname="regression.nurse.nurseApprovalDrugs">
    <ignored/>
  </testcase> <!-- approvalLiquidTimeLimit -->
  <testcase name="addAndSignUnknownDrug" time="0.0" classname="regression.doctor.doctorAddInstruction">
    <ignored/>
  </testcase> <!-- addAndSignUnknownDrug -->
  <testcase name="@BeforeSuite BeforeSuite" time="0.0" classname="utilities.CommonOps">
    <ignored/>
  </testcase> <!-- @BeforeSuite BeforeSuite -->
  <testcase name="@BeforeSuite BeforeSuite" time="0.0" classname="utilities.CommonOps">
    <ignored/>
  </testcase> <!-- @BeforeSuite BeforeSuite -->
  <testcase name="approvalAllPossibilitiesDrugs" time="0.0" classname="regression.nurse.nurseApprovalDrugs">
    <ignored/>
  </testcase> <!-- approvalAllPossibilitiesDrugs -->
  <testcase name="executeAllPossibilitiesDrugs" time="0.0" classname="regression.nurse.nurseExecute">
    <ignored/>
  </testcase> <!-- executeAllPossibilitiesDrugs -->
  <testcase name="addAndSignAllPossibilitiesDrug" time="0.0" classname="regression.doctor.doctorAddInstruction">
    <ignored/>
  </testcase> <!-- addAndSignAllPossibilitiesDrug -->
  <testcase name="addAndSignDilutedDrug" time="0.0" classname="regression.doctor.doctorAddInstruction">
    <ignored/>
  </testcase> <!-- addAndSignDilutedDrug -->
  <testcase name="approvalAllInstruction" time="0.0" classname="regression.nurse.nurseApprovalDrugs">
    <ignored/>
  </testcase> <!-- approvalAllInstruction -->
</testsuite> <!-- ContinuesSanity -->
