<?xml version="1.0" encoding="UTF-8"?>
<!-- Generated by org.testng.reporters.JUnitXMLReporter -->
<testsuite hostname="COMPU_EFRAT" ignored="13" name="night" tests="3" failures="3" timestamp="2022-09-13T02:16:09 IDT" time="43.721" errors="0">
  <testcase name="addAndSignDrugDaily" time="10.542" classname="regression.doctor.doctorAddInstruction">
    <failure type="org.openqa.selenium.InvalidElementStateException" message="invalid element state: Element is not currently interactable and may not be manipulated
  (Session info: chrome=103.0.5060.134)
Build info: version: &amp;apos;3.141.59&amp;apos;, revision: &amp;apos;e82be7d358&amp;apos;, time: &amp;apos;2018-11-14T08:17:03&amp;apos;
System info: host: &amp;apos;COMPU_EFRAT&amp;apos;, ip: &amp;apos;172.20.8.167&amp;apos;, os.name: &amp;apos;Windows 10&amp;apos;, os.arch: &amp;apos;amd64&amp;apos;, os.version: &amp;apos;10.0&amp;apos;, java.version: &amp;apos;1.8.0_211&amp;apos;
Driver info: org.openqa.selenium.chrome.ChromeDriver
Capabilities {acceptInsecureCerts: false, browserName: chrome, browserVersion: 103.0.5060.134, chrome: {chromedriverVersion: 103.0.5060.134 (8ec6fce403b..., userDataDir: C:\Users\efeldman\AppData\L...}, goog:chromeOptions: {debuggerAddress: localhost:61509}, javascriptEnabled: true, networkConnectionEnabled: false, pageLoadStrategy: normal, platform: WINDOWS, platformName: WINDOWS, proxy: Proxy(), setWindowRect: true, strictFileInteractability: false, timeouts: {implicit: 0, pageLoad: 300000, script: 30000}, unhandledPromptBehavior: dismiss and notify, webauthn:extension:credBlob: true, webauthn:extension:largeBlob: true, webauthn:virtualAuthenticators: true}
Session ID: a8660d56983f0bafa9e0250fe200c153">
      <![CDATA[org.openqa.selenium.InvalidElementStateException: invalid element state: Element is not currently interactable and may not be manipulated
  (Session info: chrome=103.0.5060.134)
Build info: version: '3.141.59', revision: 'e82be7d358', time: '2018-11-14T08:17:03'
System info: host: 'COMPU_EFRAT', ip: '172.20.8.167', os.name: 'Windows 10', os.arch: 'amd64', os.version: '10.0', java.version: '1.8.0_211'
Driver info: org.openqa.selenium.chrome.ChromeDriver
Capabilities {acceptInsecureCerts: false, browserName: chrome, browserVersion: 103.0.5060.134, chrome: {chromedriverVersion: 103.0.5060.134 (8ec6fce403b..., userDataDir: C:\Users\efeldman\AppData\L...}, goog:chromeOptions: {debuggerAddress: localhost:61509}, javascriptEnabled: true, networkConnectionEnabled: false, pageLoadStrategy: normal, platform: WINDOWS, platformName: WINDOWS, proxy: Proxy(), setWindowRect: true, strictFileInteractability: false, timeouts: {implicit: 0, pageLoad: 300000, script: 30000}, unhandledPromptBehavior: dismiss and notify, webauthn:extension:credBlob: true, webauthn:extension:largeBlob: true, webauthn:virtualAuthenticators: true}
Session ID: a8660d56983f0bafa9e0250fe200c153
at org.openqa.selenium.remote.http.W3CHttpResponseCodec.createException(W3CHttpResponseCodec.java:187)
at org.openqa.selenium.remote.http.W3CHttpResponseCodec.decode(W3CHttpResponseCodec.java:122)
at org.openqa.selenium.remote.http.W3CHttpResponseCodec.decode(W3CHttpResponseCodec.java:49)
at org.openqa.selenium.remote.HttpCommandExecutor.execute(HttpCommandExecutor.java:158)
at org.openqa.selenium.remote.service.DriverCommandExecutor.execute(DriverCommandExecutor.java:83)
at org.openqa.selenium.remote.RemoteWebDriver.execute(RemoteWebDriver.java:552)
at org.openqa.selenium.remote.RemoteWebElement.execute(RemoteWebElement.java:285)
at org.openqa.selenium.remote.RemoteWebElement.clear(RemoteWebElement.java:124)
at org.openqa.selenium.support.pagefactory.internal.LocatingElementHandler.invoke(LocatingElementHandler.java:51)
at com.sun.proxy.$Proxy12.clear(Unknown Source)
at workflows.doctor.drugFormFlows.fillDrugsDetails(drugFormFlows.java:53)
at workflows.doctor.drugFormFlows.drugFormAddAndCloseDrugDaily(drugFormFlows.java:145)
at regression.doctor.doctorAddInstruction.addAndSignDrugDaily(doctorAddInstruction.java:29)
at java.util.ArrayList.forEach(ArrayList.java:1257)
... Removed 38 stack frames]]>
    </failure>
  </testcase> <!-- addAndSignDrugDaily -->
  <testcase name="addAndSignDrugEveryXHour" time="9.859" classname="regression.doctor.doctorAddInstruction">
    <failure type="org.openqa.selenium.InvalidElementStateException" message="invalid element state: Element is not currently interactable and may not be manipulated
  (Session info: chrome=103.0.5060.134)
Build info: version: &amp;apos;3.141.59&amp;apos;, revision: &amp;apos;e82be7d358&amp;apos;, time: &amp;apos;2018-11-14T08:17:03&amp;apos;
System info: host: &amp;apos;COMPU_EFRAT&amp;apos;, ip: &amp;apos;172.20.8.167&amp;apos;, os.name: &amp;apos;Windows 10&amp;apos;, os.arch: &amp;apos;amd64&amp;apos;, os.version: &amp;apos;10.0&amp;apos;, java.version: &amp;apos;1.8.0_211&amp;apos;
Driver info: org.openqa.selenium.chrome.ChromeDriver
Capabilities {acceptInsecureCerts: false, browserName: chrome, browserVersion: 103.0.5060.134, chrome: {chromedriverVersion: 103.0.5060.134 (8ec6fce403b..., userDataDir: C:\Users\efeldman\AppData\L...}, goog:chromeOptions: {debuggerAddress: localhost:61509}, javascriptEnabled: true, networkConnectionEnabled: false, pageLoadStrategy: normal, platform: WINDOWS, platformName: WINDOWS, proxy: Proxy(), setWindowRect: true, strictFileInteractability: false, timeouts: {implicit: 0, pageLoad: 300000, script: 30000}, unhandledPromptBehavior: dismiss and notify, webauthn:extension:credBlob: true, webauthn:extension:largeBlob: true, webauthn:virtualAuthenticators: true}
Session ID: a8660d56983f0bafa9e0250fe200c153">
      <![CDATA[org.openqa.selenium.InvalidElementStateException: invalid element state: Element is not currently interactable and may not be manipulated
  (Session info: chrome=103.0.5060.134)
Build info: version: '3.141.59', revision: 'e82be7d358', time: '2018-11-14T08:17:03'
System info: host: 'COMPU_EFRAT', ip: '172.20.8.167', os.name: 'Windows 10', os.arch: 'amd64', os.version: '10.0', java.version: '1.8.0_211'
Driver info: org.openqa.selenium.chrome.ChromeDriver
Capabilities {acceptInsecureCerts: false, browserName: chrome, browserVersion: 103.0.5060.134, chrome: {chromedriverVersion: 103.0.5060.134 (8ec6fce403b..., userDataDir: C:\Users\efeldman\AppData\L...}, goog:chromeOptions: {debuggerAddress: localhost:61509}, javascriptEnabled: true, networkConnectionEnabled: false, pageLoadStrategy: normal, platform: WINDOWS, platformName: WINDOWS, proxy: Proxy(), setWindowRect: true, strictFileInteractability: false, timeouts: {implicit: 0, pageLoad: 300000, script: 30000}, unhandledPromptBehavior: dismiss and notify, webauthn:extension:credBlob: true, webauthn:extension:largeBlob: true, webauthn:virtualAuthenticators: true}
Session ID: a8660d56983f0bafa9e0250fe200c153
at org.openqa.selenium.remote.http.W3CHttpResponseCodec.createException(W3CHttpResponseCodec.java:187)
at org.openqa.selenium.remote.http.W3CHttpResponseCodec.decode(W3CHttpResponseCodec.java:122)
at org.openqa.selenium.remote.http.W3CHttpResponseCodec.decode(W3CHttpResponseCodec.java:49)
at org.openqa.selenium.remote.HttpCommandExecutor.execute(HttpCommandExecutor.java:158)
at org.openqa.selenium.remote.service.DriverCommandExecutor.execute(DriverCommandExecutor.java:83)
at org.openqa.selenium.remote.RemoteWebDriver.execute(RemoteWebDriver.java:552)
at org.openqa.selenium.remote.RemoteWebElement.execute(RemoteWebElement.java:285)
at org.openqa.selenium.remote.RemoteWebElement.clear(RemoteWebElement.java:124)
at org.openqa.selenium.support.pagefactory.internal.LocatingElementHandler.invoke(LocatingElementHandler.java:51)
at com.sun.proxy.$Proxy12.clear(Unknown Source)
at workflows.doctor.drugFormFlows.fillDrugsDetails(drugFormFlows.java:53)
at workflows.doctor.drugFormFlows.drugFormAddDrugByHour(drugFormFlows.java:213)
at regression.doctor.doctorAddInstruction.addAndSignDrugEveryXHour(doctorAddInstruction.java:56)
at java.util.ArrayList.forEach(ArrayList.java:1257)
... Removed 38 stack frames]]>
    </failure>
  </testcase> <!-- addAndSignDrugEveryXHour -->
  <testcase name="approvalDrug" time="8.196" classname="regression.nurse.nurseApprovalDrugs">
    <failure type="java.lang.IndexOutOfBoundsException" message="Index: 0, Size: 0">
      <![CDATA[java.lang.IndexOutOfBoundsException: Index: 0, Size: 0
at java.util.ArrayList.rangeCheck(ArrayList.java:657)
at java.util.ArrayList.get(ArrayList.java:433)
at org.openqa.selenium.support.pagefactory.internal.LocatingElementListHandler.invoke(LocatingElementListHandler.java:39)
at com.sun.proxy.$Proxy13.get(Unknown Source)
at workflows.drugs.nurse.nurseFlows.approvalDailyDrugListAndClose(nurseFlows.java:68)
at regression.nurse.nurseApprovalDrugs.approvalDrug(nurseApprovalDrugs.java:102)
at java.util.ArrayList.forEach(ArrayList.java:1257)
... Removed 34 stack frames]]>
    </failure>
  </testcase> <!-- approvalDrug -->
  <testcase name="addAndSignDrugWeekly" time="0.0" classname="regression.doctor.doctorAddInstruction">
    <ignored/>
  </testcase> <!-- addAndSignDrugWeekly -->
  <testcase name="addAndSignDrugOnceOnly" time="0.0" classname="regression.doctor.doctorAddInstruction">
    <ignored/>
  </testcase> <!-- addAndSignDrugOnceOnly -->
  <testcase name="approvalLiquidContinues" time="0.0" classname="regression.nurse.nurseApprovalDrugs">
    <ignored/>
  </testcase> <!-- approvalLiquidContinues -->
  <testcase name="addAndSingAllPossibilitiesDrugAndGeneralAndBloodAndNutrition" time="0.0" classname="regression.doctor.doctorAddInstruction">
    <ignored/>
  </testcase> <!-- addAndSingAllPossibilitiesDrugAndGeneralAndBloodAndNutrition -->
  <testcase name="addAndSignDrugDilutedContinues" time="0.0" classname="regression.doctor.doctorAddInstruction">
    <ignored/>
  </testcase> <!-- addAndSignDrugDilutedContinues -->
  <testcase name="approvalLiquidTimeLimit" time="0.0" classname="regression.nurse.nurseApprovalDrugs">
    <ignored/>
  </testcase> <!-- approvalLiquidTimeLimit -->
  <testcase name="addAndSignUnknownDrug" time="0.0" classname="regression.doctor.doctorAddInstruction">
    <ignored/>
  </testcase> <!-- addAndSignUnknownDrug -->
  <testcase name="@BeforeSuite BeforeSuite" time="0.0" classname="utilities.CommonOps">
    <ignored/>
  </testcase> <!-- @BeforeSuite BeforeSuite -->
  <testcase name="addAndSignDilutedDrugRequestSupervision" time="0.0" classname="regression.doctor.doctorAddInstruction">
    <ignored/>
  </testcase> <!-- addAndSignDilutedDrugRequestSupervision -->
  <testcase name="approvalAllPossibilitiesDrugs" time="0.0" classname="regression.nurse.nurseApprovalDrugs">
    <ignored/>
  </testcase> <!-- approvalAllPossibilitiesDrugs -->
  <testcase name="addAndSignDrugSOS" time="0.0" classname="regression.doctor.doctorAddInstruction">
    <ignored/>
  </testcase> <!-- addAndSignDrugSOS -->
  <testcase name="addAndSignAllPossibilitiesDrug" time="0.0" classname="regression.doctor.doctorAddInstruction">
    <ignored/>
  </testcase> <!-- addAndSignAllPossibilitiesDrug -->
  <testcase name="approvalAllInstruction" time="0.0" classname="regression.nurse.nurseApprovalDrugs">
    <ignored/>
  </testcase> <!-- approvalAllInstruction -->
</testsuite> <!-- night -->
