<?xml version="1.0" encoding="UTF-8"?>
<!-- Generated by org.testng.reporters.JUnitXMLReporter -->
<testsuite hostname="COMPU_EFRAT" ignored="1" name="patientTest" tests="1" failures="0" timestamp="2022-08-15T15:52:24 IDT" time="14.947" errors="0">
  <testcase name="test03_verifyEntryToBoxPatient" time="4.677" classname="regression.general.Patient"/>
  <testcase name="test03_verifyEntryToDefaultPage" time="0.0" classname="regression.general.Patient">
    <ignored/>
  </testcase> <!-- test03_verifyEntryToDefaultPage -->
</testsuite> <!-- patientTest -->
