<?xml version="1.0" encoding="UTF-8"?>
<!-- Generated by org.testng.reporters.JUnitXMLReporter -->
<testsuite hostname="COMPU_EFRAT" ignored="9" name="drugsInfectiousDiseaseSpecialConfirmationCodeWithApprovalAndExecute" tests="1" failures="1" timestamp="2021-09-14T16:24:29 IDT" time="24.176" errors="0">
  <testcase name="test04_1_verifyAddDrugInfectiousDiseaseSpecialListToPatient" time="14.62" classname="sanity.instructions.DrugScenarios">
    <failure type="org.openqa.selenium.ElementClickInterceptedException" message="element click intercepted: Element &amp;lt;span _ngcontent-exl-c16=&amp;quot;&amp;quot; class=&amp;quot;cursorPointer&amp;quot; placement=&amp;quot;left&amp;quot; triggers=&amp;quot;manual&amp;quot; title=&amp;quot;&amp;quot;&amp;gt;...&amp;lt;/span&amp;gt; is not clickable at point (1554, 202). Other element would receive the click: &amp;lt;ngb-modal-window role=&amp;quot;dialog&amp;quot; tabindex=&amp;quot;-1&amp;quot; class=&amp;quot;modal fade show d-block&amp;quot; aria-modal=&amp;quot;true&amp;quot;&amp;gt;...&amp;lt;/ngb-modal-window&amp;gt;
  (Session info: chrome=93.0.4577.63)
Build info: version: &amp;apos;3.141.59&amp;apos;, revision: &amp;apos;e82be7d358&amp;apos;, time: &amp;apos;2018-11-14T08:17:03&amp;apos;
System info: host: &amp;apos;COMPU_EFRAT&amp;apos;, ip: &amp;apos;172.20.8.167&amp;apos;, os.name: &amp;apos;Windows 10&amp;apos;, os.arch: &amp;apos;amd64&amp;apos;, os.version: &amp;apos;10.0&amp;apos;, java.version: &amp;apos;1.8.0_211&amp;apos;
Driver info: org.openqa.selenium.chrome.ChromeDriver
Capabilities {acceptInsecureCerts: false, browserName: chrome, browserVersion: 93.0.4577.63, chrome: {chromedriverVersion: 93.0.4577.63 (ff5c0da2ec0ad..., userDataDir: C:\Users\efeldman\AppData\L...}, goog:chromeOptions: {debuggerAddress: localhost:59310}, javascriptEnabled: true, networkConnectionEnabled: false, pageLoadStrategy: normal, platform: WINDOWS, platformName: WINDOWS, proxy: Proxy(), setWindowRect: true, strictFileInteractability: false, timeouts: {implicit: 0, pageLoad: 300000, script: 30000}, unhandledPromptBehavior: dismiss and notify, webauthn:extension:credBlob: true, webauthn:extension:largeBlob: true, webauthn:virtualAuthenticators: true}
Session ID: 9be82a60ee2040d4c1804225d33018b9">
      <![CDATA[org.openqa.selenium.ElementClickInterceptedException: element click intercepted: Element <span _ngcontent-exl-c16="" class="cursorPointer" placement="left" triggers="manual" title="">...</span> is not clickable at point (1554, 202). Other element would receive the click: <ngb-modal-window role="dialog" tabindex="-1" class="modal fade show d-block" aria-modal="true">...</ngb-modal-window>
  (Session info: chrome=93.0.4577.63)
Build info: version: '3.141.59', revision: 'e82be7d358', time: '2018-11-14T08:17:03'
System info: host: 'COMPU_EFRAT', ip: '172.20.8.167', os.name: 'Windows 10', os.arch: 'amd64', os.version: '10.0', java.version: '1.8.0_211'
Driver info: org.openqa.selenium.chrome.ChromeDriver
Capabilities {acceptInsecureCerts: false, browserName: chrome, browserVersion: 93.0.4577.63, chrome: {chromedriverVersion: 93.0.4577.63 (ff5c0da2ec0ad..., userDataDir: C:\Users\efeldman\AppData\L...}, goog:chromeOptions: {debuggerAddress: localhost:59310}, javascriptEnabled: true, networkConnectionEnabled: false, pageLoadStrategy: normal, platform: WINDOWS, platformName: WINDOWS, proxy: Proxy(), setWindowRect: true, strictFileInteractability: false, timeouts: {implicit: 0, pageLoad: 300000, script: 30000}, unhandledPromptBehavior: dismiss and notify, webauthn:extension:credBlob: true, webauthn:extension:largeBlob: true, webauthn:virtualAuthenticators: true}
Session ID: 9be82a60ee2040d4c1804225d33018b9
at org.openqa.selenium.remote.http.W3CHttpResponseCodec.createException(W3CHttpResponseCodec.java:187)
at org.openqa.selenium.remote.http.W3CHttpResponseCodec.decode(W3CHttpResponseCodec.java:122)
at org.openqa.selenium.remote.http.W3CHttpResponseCodec.decode(W3CHttpResponseCodec.java:49)
at org.openqa.selenium.remote.HttpCommandExecutor.execute(HttpCommandExecutor.java:158)
at org.openqa.selenium.remote.service.DriverCommandExecutor.execute(DriverCommandExecutor.java:83)
at org.openqa.selenium.remote.RemoteWebDriver.execute(RemoteWebDriver.java:552)
at org.openqa.selenium.remote.RemoteWebElement.execute(RemoteWebElement.java:285)
at org.openqa.selenium.remote.RemoteWebElement.click(RemoteWebElement.java:84)
at extensions.UIActions.click(UIActions.java:19)
at sanity.instructions.DrugScenarios.test04_1_verifyAddDrugInfectiousDiseaseSpecialListToPatient(DrugScenarios.java:142)
at java.util.ArrayList.forEach(ArrayList.java:1257)
... Removed 35 stack frames]]>
    </failure>
  </testcase> <!-- test04_1_verifyAddDrugInfectiousDiseaseSpecialListToPatient -->
  <testcase name="test04_3_NurseApprovalAllAndExecuteDailyInfectiousDiseaseSpecialDrug" time="0.0" classname="sanity.instructions.DrugScenarios">
    <ignored/>
  </testcase> <!-- test04_3_NurseApprovalAllAndExecuteDailyInfectiousDiseaseSpecialDrug -->
  <testcase name="test05_2_NurseApprovalAllAndExecuteAsRiskDrug" time="0.0" classname="sanity.instructions.DrugScenarios">
    <ignored/>
  </testcase> <!-- test05_2_NurseApprovalAllAndExecuteAsRiskDrug -->
  <testcase name="test05_1_verifyAddDrugAsRiskListToPatient" time="0.0" classname="sanity.instructions.DrugScenarios">
    <ignored/>
  </testcase> <!-- test05_1_verifyAddDrugAsRiskListToPatient -->
  <testcase name="test06_2_NurseApprovalAllAndExecuteSOSDrug" time="0.0" classname="sanity.instructions.DrugScenarios">
    <ignored/>
  </testcase> <!-- test06_2_NurseApprovalAllAndExecuteSOSDrug -->
  <testcase name="test06_1_verifyAddDrugSOSListToPatient" time="0.0" classname="sanity.instructions.DrugScenarios">
    <ignored/>
  </testcase> <!-- test06_1_verifyAddDrugSOSListToPatient -->
  <testcase name="test03_2_NurseApprovalAllAndExecuteDailyDrug" time="0.0" classname="sanity.instructions.DrugScenarios">
    <ignored/>
  </testcase> <!-- test03_2_NurseApprovalAllAndExecuteDailyDrug -->
  <testcase name="test03_1_verifyAddDailyDrugListToPatient" time="0.0" classname="sanity.instructions.DrugScenarios">
    <ignored/>
  </testcase> <!-- test03_1_verifyAddDailyDrugListToPatient -->
  <testcase name="test07_2_NurseApprovalAllAndExecuteDailyDrug" time="0.0" classname="sanity.instructions.DrugScenarios">
    <ignored/>
  </testcase> <!-- test07_2_NurseApprovalAllAndExecuteDailyDrug -->
  <testcase name="test07_1_verifyAddAndSaveUnknownDrug" time="0.0" classname="sanity.instructions.DrugScenarios">
    <ignored/>
  </testcase> <!-- test07_1_verifyAddAndSaveUnknownDrug -->
</testsuite> <!-- drugsInfectiousDiseaseSpecialConfirmationCodeWithApprovalAndExecute -->
