<?xml version="1.0" encoding="UTF-8"?>
<!-- Generated by org.testng.reporters.JUnitXMLReporter -->
<testsuite hostname="COMPU_EFRAT" ignored="9" name="drugsDailyInstructionWithApprovalAndExecute" tests="1" failures="0" timestamp="2022-05-30T16:07:39 IDT" time="25.405" errors="0">
  <testcase name="test03_1_verifyAddDailyDrugListToPatient" time="15.167" classname="sanity.instructions.DrugScenarios"/>
  <testcase name="test04_1_verifyAddDrugInfectiousDiseaseSpecialListToPatient" time="0.0" classname="sanity.instructions.DrugScenarios">
    <ignored/>
  </testcase> <!-- test04_1_verifyAddDrugInfectiousDiseaseSpecialListToPatient -->
  <testcase name="test04_3_NurseApprovalAllAndExecuteDailyInfectiousDiseaseSpecialDrug" time="0.0" classname="sanity.instructions.DrugScenarios">
    <ignored/>
  </testcase> <!-- test04_3_NurseApprovalAllAndExecuteDailyInfectiousDiseaseSpecialDrug -->
  <testcase name="test05_2_NurseApprovalAllAndExecuteAsRiskDrug" time="0.0" classname="sanity.instructions.DrugScenarios">
    <ignored/>
  </testcase> <!-- test05_2_NurseApprovalAllAndExecuteAsRiskDrug -->
  <testcase name="test05_1_verifyAddDrugAsRiskListToPatient" time="0.0" classname="sanity.instructions.DrugScenarios">
    <ignored/>
  </testcase> <!-- test05_1_verifyAddDrugAsRiskListToPatient -->
  <testcase name="test06_2_NurseApprovalAllAndExecuteSOSDrug" time="0.0" classname="sanity.instructions.DrugScenarios">
    <ignored/>
  </testcase> <!-- test06_2_NurseApprovalAllAndExecuteSOSDrug -->
  <testcase name="test06_1_verifyAddDrugSOSListToPatient" time="0.0" classname="sanity.instructions.DrugScenarios">
    <ignored/>
  </testcase> <!-- test06_1_verifyAddDrugSOSListToPatient -->
  <testcase name="test03_2_NurseApprovalAllAndExecuteDailyDrug" time="0.0" classname="sanity.instructions.DrugScenarios">
    <ignored/>
  </testcase> <!-- test03_2_NurseApprovalAllAndExecuteDailyDrug -->
  <testcase name="test07_2_NurseApprovalAllAndExecuteDailyDrug" time="0.0" classname="sanity.instructions.DrugScenarios">
    <ignored/>
  </testcase> <!-- test07_2_NurseApprovalAllAndExecuteDailyDrug -->
  <testcase name="test07_1_verifyAddAndSaveUnknownDrug" time="0.0" classname="sanity.instructions.DrugScenarios">
    <ignored/>
  </testcase> <!-- test07_1_verifyAddAndSaveUnknownDrug -->
</testsuite> <!-- drugsDailyInstructionWithApprovalAndExecute -->
