<?xml version="1.0" encoding="UTF-8"?>
<!-- Generated by org.testng.reporters.JUnitXMLReporter -->
<testsuite hostname="COMPU_EFRAT" ignored="9" name="Test" tests="8" failures="0" timestamp="2021-06-24T10:11:18 IDT" time="9.465" errors="0">
  <testcase name="@BeforeClass startSession" time="8.733" classname="utilities.CommonOps">
    <failure type="java.lang.NullPointerException">
      <![CDATA[java.lang.NullPointerException
at org.sikuli.script.support.RobotDesktop.smoothMove(RobotDesktop.java:120)
at org.sikuli.script.support.RobotDesktop.smoothMove(RobotDesktop.java:110)
at org.sikuli.script.Mouse.doMove(Mouse.java:316)
at org.sikuli.script.Mouse.move(Mouse.java:423)
at org.sikuli.script.Mouse.move(Mouse.java:389)
at org.sikuli.script.Screen.initScreens(Screen.java:160)
at org.sikuli.script.Screen.<init>(Screen.java:184)
at utilities.CommonOps.startSession(CommonOps.java:98)
at java.util.ArrayList.forEach(ArrayList.java:1257)
... Removed 29 stack frames]]>
    </failure>
  </testcase> <!-- @BeforeClass startSession -->
  <testcase name="@AfterMethod afterMethod" time="-1.624518678266E9" classname="utilities.CommonOps">
    <skipped/>
  </testcase> <!-- @AfterMethod afterMethod -->
  <testcase name="@AfterMethod afterMethod" time="-1.624518678299E9" classname="utilities.CommonOps">
    <skipped/>
  </testcase> <!-- @AfterMethod afterMethod -->
  <testcase name="@AfterMethod afterMethod" time="-1.624518678352E9" classname="utilities.CommonOps">
    <skipped/>
  </testcase> <!-- @AfterMethod afterMethod -->
  <testcase name="@AfterMethod afterMethod" time="-1.624518678367E9" classname="utilities.CommonOps">
    <skipped/>
  </testcase> <!-- @AfterMethod afterMethod -->
  <testcase name="@AfterMethod afterMethod" time="-1.624518678406E9" classname="utilities.CommonOps">
    <skipped/>
  </testcase> <!-- @AfterMethod afterMethod -->
  <testcase name="@AfterMethod afterMethod" time="-1.624518678422E9" classname="utilities.CommonOps">
    <skipped/>
  </testcase> <!-- @AfterMethod afterMethod -->
  <testcase name="@AfterMethod afterMethod" time="-1.624518678444E9" classname="utilities.CommonOps">
    <skipped/>
  </testcase> <!-- @AfterMethod afterMethod -->
  <testcase name="@AfterMethod afterMethod" time="-1.624518678475E9" classname="utilities.CommonOps">
    <skipped/>
  </testcase> <!-- @AfterMethod afterMethod -->
  <testcase name="@AfterClass closeSession" time="-1.624518678482E9" classname="utilities.CommonOps">
    <skipped/>
  </testcase> <!-- @AfterClass closeSession -->
  <testcase name="verify_AddAndSavaDrugsFromFile" time="0.0" classname="sanity.instructions.DrugScenarios">
    <skipped/>
  </testcase> <!-- verify_AddAndSavaDrugsFromFile -->
  <testcase name="verify_AddAndSavaDrugsFromFile" time="0.0" classname="sanity.instructions.DrugScenarios">
    <skipped/>
  </testcase> <!-- verify_AddAndSavaDrugsFromFile -->
  <testcase name="verify_AddAndSavaDrugsFromFile" time="0.0" classname="sanity.instructions.DrugScenarios">
    <skipped/>
  </testcase> <!-- verify_AddAndSavaDrugsFromFile -->
  <testcase name="verify_AddAndSavaDrugsFromFile" time="0.0" classname="sanity.instructions.DrugScenarios">
    <skipped/>
  </testcase> <!-- verify_AddAndSavaDrugsFromFile -->
  <testcase name="verify_AddAndSavaDrugsFromFile" time="0.0" classname="sanity.instructions.DrugScenarios">
    <skipped/>
  </testcase> <!-- verify_AddAndSavaDrugsFromFile -->
  <testcase name="verify_doctorSignatureOnAllUnsignedInstruction" time="0.0" classname="sanity.instructions.DrugScenarios">
    <skipped/>
  </testcase> <!-- verify_doctorSignatureOnAllUnsignedInstruction -->
  <testcase name="verify_nurseApprovalAllDrugsDaily" time="0.0" classname="sanity.instructions.DrugScenarios">
    <skipped/>
  </testcase> <!-- verify_nurseApprovalAllDrugsDaily -->
  <testcase name="verify_execute" time="0.0" classname="sanity.instructions.DrugScenarios">
    <skipped/>
  </testcase> <!-- verify_execute -->
  <testcase name="test006_verify_AddAndSaveDrugDailyAsRiskFromFile" time="0.0" classname="sanity.instructions.DrugScenarios">
    <ignored/>
  </testcase> <!-- test006_verify_AddAndSaveDrugDailyAsRiskFromFile -->
  <testcase name="test006_verify_AddAndSavaDrugsDailyFromList" time="0.0" classname="sanity.instructions.DrugScenarios">
    <ignored/>
  </testcase> <!-- test006_verify_AddAndSavaDrugsDailyFromList -->
  <testcase name="verify_stopAllDrugs" time="0.0" classname="sanity.instructions.DrugScenarios">
    <ignored/>
  </testcase> <!-- verify_stopAllDrugs -->
  <testcase name="test008_AllPages_add_approval_execute_DrugOnceOnly" time="0.0" classname="sanity.instructions.DrugScenarios">
    <ignored/>
  </testcase> <!-- test008_AllPages_add_approval_execute_DrugOnceOnly -->
  <testcase name="test07_verifyAddDrugFormPage_AfterSelectDrugTheDosageFieldIsFull" time="0.0" classname="sanity.instructions.DrugScenarios">
    <ignored/>
  </testcase> <!-- test07_verifyAddDrugFormPage_AfterSelectDrugTheDosageFieldIsFull -->
  <testcase name="test007_verifytableDrugOnceOnly" time="0.0" classname="sanity.instructions.DrugScenarios">
    <ignored/>
  </testcase> <!-- test007_verifytableDrugOnceOnly -->
  <testcase name="approvalDrugsOnceOnly" time="0.0" classname="sanity.instructions.DrugScenarios">
    <ignored/>
  </testcase> <!-- approvalDrugsOnceOnly -->
  <testcase name="test07_verify_AddDrugFormPage_inputSelectDrugIsEmpty" time="0.0" classname="sanity.instructions.DrugScenarios">
    <ignored/>
  </testcase> <!-- test07_verify_AddDrugFormPage_inputSelectDrugIsEmpty -->
  <testcase name="test006_verify_AddAndSavaInfectiousDiseaseSpecialistDrugsFromFile" time="0.0" classname="sanity.instructions.DrugScenarios">
    <ignored/>
  </testcase> <!-- test006_verify_AddAndSavaInfectiousDiseaseSpecialistDrugsFromFile -->
</testsuite> <!-- Test -->
