{"uuid":"63ac6727-788c-488f-81e0-5bd96f5122c4","name":"TestNGTest-3d17d9a1-06df-434e-80b3-77b8f9b10949","children":["0cde52bc-622c-44c9-adf6-0ba15d26f86d"],"befores":[{"name":"preTest","status":"broken","statusDetails":{"known":false,"muted":false,"flaky":false,"message":"com.microsoft.sqlserver.jdbc.SQLServerException: Incorrect syntax near 'kldb'.","trace":"java.lang.RuntimeException: com.microsoft.sqlserver.jdbc.SQLServerException: Incorrect syntax near 'kldb'.\r\n\tat actionUtilies.DBExecuter.executeSelectFirstRow(DBExecuter.java:113)\r\n\tat base.BaseSuit.getDetailsFirstPatient(BaseSuit.java:96)\r\n\tat sanity.SanitySuite.preTest(SanitySuite.java:43)\r\n\tat sun.reflect.NativeMethodAccessorImpl.invoke0(Native Method)\r\n\tat sun.reflect.NativeMethodAccessorImpl.invoke(NativeMethodAccessorImpl.java:62)\r\n\tat sun.reflect.DelegatingMethodAccessorImpl.invoke(DelegatingMethodAccessorImpl.java:43)\r\n\tat java.lang.reflect.Method.invoke(Method.java:498)\r\n\tat org.testng.internal.MethodInvocationHelper.invokeMethod(MethodInvocationHelper.java:133)\r\n\tat org.testng.internal.MethodInvocationHelper.invokeMethodConsideringTimeout(MethodInvocationHelper.java:62)\r\n\tat org.testng.internal.ConfigInvoker.invokeConfigurationMethod(ConfigInvoker.java:385)\r\n\tat org.testng.internal.ConfigInvoker.invokeConfigurations(ConfigInvoker.java:321)\r\n\tat org.testng.TestRunner.invokeTestConfigurations(TestRunner.java:637)\r\n\tat org.testng.TestRunner.beforeRun(TestRunner.java:627)\r\n\tat org.testng.TestRunner.run(TestRunner.java:589)\r\n\tat org.testng.SuiteRunner.runTest(SuiteRunner.java:377)\r\n\tat org.testng.SuiteRunner.runSequentially(SuiteRunner.java:371)\r\n\tat org.testng.SuiteRunner.privateRun(SuiteRunner.java:332)\r\n\tat org.testng.SuiteRunner.run(SuiteRunner.java:276)\r\n\tat org.testng.SuiteRunnerWorker.runSuite(SuiteRunnerWorker.java:53)\r\n\tat org.testng.SuiteRunnerWorker.run(SuiteRunnerWorker.java:96)\r\n\tat org.testng.TestNG.runSuitesSequentially(TestNG.java:1212)\r\n\tat org.testng.TestNG.runSuitesLocally(TestNG.java:1134)\r\n\tat org.testng.TestNG.runSuites(TestNG.java:1063)\r\n\tat org.testng.TestNG.run(TestNG.java:1031)\r\n\tat com.microsoft.java.test.runner.testng.TestNGRunner.run(TestNGRunner.java:45)\r\n\tat com.microsoft.java.test.runner.testng.TestNGLauncher.execute(TestNGLauncher.java:32)\r\n\tat com.microsoft.java.test.runner.Launcher.main(Launcher.java:57)\r\nCaused by: com.microsoft.sqlserver.jdbc.SQLServerException: Incorrect syntax near 'kldb'.\r\n\tat com.microsoft.sqlserver.jdbc.SQLServerException.makeFromDatabaseError(SQLServerException.java:262)\r\n\tat com.microsoft.sqlserver.jdbc.SQLServerStatement.getNextResult(SQLServerStatement.java:1632)\r\n\tat com.microsoft.sqlserver.jdbc.SQLServerStatement.doExecuteStatement(SQLServerStatement.java:872)\r\n\tat com.microsoft.sqlserver.jdbc.SQLServerStatement$StmtExecCmd.doExecute(SQLServerStatement.java:767)\r\n\tat com.microsoft.sqlserver.jdbc.TDSCommand.execute(IOBuffer.java:7418)\r\n\tat com.microsoft.sqlserver.jdbc.SQLServerConnection.executeCommand(SQLServerConnection.java:3272)\r\n\tat com.microsoft.sqlserver.jdbc.SQLServerStatement.executeCommand(SQLServerStatement.java:247)\r\n\tat com.microsoft.sqlserver.jdbc.SQLServerStatement.executeStatement(SQLServerStatement.java:222)\r\n\tat com.microsoft.sqlserver.jdbc.SQLServerStatement.executeQuery(SQLServerStatement.java:692)\r\n\tat actionUtilies.DBExecuter.executeSelectFirstRow(DBExecuter.java:100)\r\n\t... 26 more\r\n"},"stage":"finished","description":"","steps":[],"attachments":[],"parameters":[],"start":1767601014700,"stop":1767601061769}],"afters":[{"name":"closeBrowser","status":"broken","stage":"finished","description":"","steps":[],"attachments":[],"parameters":[],"start":1767601062051,"stop":1767601062051}],"links":[],"start":1767601014684,"stop":1767601062052}