{"name":"successful medication approval","status":"broken","statusDetails":{"known":false,"muted":false,"flaky":false,"message":"element click intercepted: Element <button _ngcontent-rga-c373=\"\" autofocus=\"\" tabindex=\"1\" ngbdropdowntoggle=\"\" type=\"button\" class=\"dropdown-toggle btn btn-drop-day\" disabled=\"\" id=\"btnC1001\" aria-expanded=\"false\">...</button> is not clickable at point (233, 478). Other element would receive the click: <div _ngcontent-rga-c373=\"\" ngbdropdown=\"\" placement=\"bottom-right\" class=\"btn-group dropdown\" style=\"min-width: 50px;\" ng-reflect-placement=\"bottom-right\">...</div>\n  (Session info: chrome=137.0.7151.120)\nBuild info: version: '4.12.1', revision: '8e34639b11'\nSystem info: os.name: 'Windows 10', os.arch: 'amd64', os.version: '10.0', java.version: '19.0.2'\nDriver info: org.openqa.selenium.chrome.ChromeDriver\nCommand: [0c94c67c87ddac76a7ea717ef56133c3, clickElement {id=f.59258E74F4A9BA9B5DC79E21DD246CEF.d.BBDD839F943BBADB37BDF782EFF20A38.e.223}]\nCapabilities {acceptInsecureCerts: false, browserName: chrome, browserVersion: 137.0.7151.120, chrome: {chromedriverVersion: 137.0.7151.119 (e0ac9d12dff..., userDataDir: C:\\WINDOWS\\SystemTemp\\scope...}, fedcm:accounts: true, goog:chromeOptions: {debuggerAddress: localhost:50676}, networkConnectionEnabled: false, pageLoadStrategy: normal, platformName: windows, proxy: Proxy(), se:cdp: ws://localhost:50676/devtoo..., se:cdpVersion: 137.0.7151.120, setWindowRect: true, strictFileInteractability: false, timeouts: {implicit: 0, pageLoad: 300000, script: 30000}, unhandledPromptBehavior: dismiss and notify, webauthn:extension:credBlob: true, webauthn:extension:largeBlob: true, webauthn:extension:minPinLength: true, webauthn:extension:prf: true, webauthn:virtualAuthenticators: true}\nElement: [[ChromeDriver: chrome on windows (0c94c67c87ddac76a7ea717ef56133c3)] -> xpath: //table[@class='table main-table liquidationDrug']//div[@id='div-group-current-day']//button]\nSession ID: 0c94c67c87ddac76a7ea717ef56133c3","trace":"org.openqa.selenium.ElementClickInterceptedException: element click intercepted: Element <button _ngcontent-rga-c373=\"\" autofocus=\"\" tabindex=\"1\" ngbdropdowntoggle=\"\" type=\"button\" class=\"dropdown-toggle btn btn-drop-day\" disabled=\"\" id=\"btnC1001\" aria-expanded=\"false\">...</button> is not clickable at point (233, 478). Other element would receive the click: <div _ngcontent-rga-c373=\"\" ngbdropdown=\"\" placement=\"bottom-right\" class=\"btn-group dropdown\" style=\"min-width: 50px;\" ng-reflect-placement=\"bottom-right\">...</div>\n  (Session info: chrome=137.0.7151.120)\nBuild info: version: '4.12.1', revision: '8e34639b11'\nSystem info: os.name: 'Windows 10', os.arch: 'amd64', os.version: '10.0', java.version: '19.0.2'\nDriver info: org.openqa.selenium.chrome.ChromeDriver\nCommand: [0c94c67c87ddac76a7ea717ef56133c3, clickElement {id=f.59258E74F4A9BA9B5DC79E21DD246CEF.d.BBDD839F943BBADB37BDF782EFF20A38.e.223}]\nCapabilities {acceptInsecureCerts: false, browserName: chrome, browserVersion: 137.0.7151.120, chrome: {chromedriverVersion: 137.0.7151.119 (e0ac9d12dff..., userDataDir: C:\\WINDOWS\\SystemTemp\\scope...}, fedcm:accounts: true, goog:chromeOptions: {debuggerAddress: localhost:50676}, networkConnectionEnabled: false, pageLoadStrategy: normal, platformName: windows, proxy: Proxy(), se:cdp: ws://localhost:50676/devtoo..., se:cdpVersion: 137.0.7151.120, setWindowRect: true, strictFileInteractability: false, timeouts: {implicit: 0, pageLoad: 300000, script: 30000}, unhandledPromptBehavior: dismiss and notify, webauthn:extension:credBlob: true, webauthn:extension:largeBlob: true, webauthn:extension:minPinLength: true, webauthn:extension:prf: true, webauthn:virtualAuthenticators: true}\nElement: [[ChromeDriver: chrome on windows (0c94c67c87ddac76a7ea717ef56133c3)] -> xpath: //table[@class='table main-table liquidationDrug']//div[@id='div-group-current-day']//button]\nSession ID: 0c94c67c87ddac76a7ea717ef56133c3\r\n\tat java.base/jdk.internal.reflect.DirectConstructorHandleAccessor.newInstance(DirectConstructorHandleAccessor.java:67)\r\n\tat java.base/java.lang.reflect.Constructor.newInstanceWithCaller(Constructor.java:500)\r\n\tat java.base/java.lang.reflect.Constructor.newInstance(Constructor.java:484)\r\n\tat org.openqa.selenium.remote.codec.w3c.W3CHttpResponseCodec.createException(W3CHttpResponseCodec.java:200)\r\n\tat org.openqa.selenium.remote.codec.w3c.W3CHttpResponseCodec.decode(W3CHttpResponseCodec.java:133)\r\n\tat org.openqa.selenium.remote.codec.w3c.W3CHttpResponseCodec.decode(W3CHttpResponseCodec.java:52)\r\n\tat org.openqa.selenium.remote.HttpCommandExecutor.execute(HttpCommandExecutor.java:191)\r\n\tat org.openqa.selenium.remote.service.DriverCommandExecutor.invokeExecute(DriverCommandExecutor.java:196)\r\n\tat org.openqa.selenium.remote.service.DriverCommandExecutor.execute(DriverCommandExecutor.java:171)\r\n\tat org.openqa.selenium.remote.RemoteWebDriver.execute(RemoteWebDriver.java:602)\r\n\tat org.openqa.selenium.remote.RemoteWebElement.execute(RemoteWebElement.java:224)\r\n\tat org.openqa.selenium.remote.RemoteWebElement.click(RemoteWebElement.java:77)\r\n\tat workflows.nurse.nurseFlows.approvalDrugsDaily(nurseFlows.java:104)\r\n\tat SanityTest.test04_approvalMedicationToPatient(SanityTest.java:51)\r\n\tat java.base/jdk.internal.reflect.DirectMethodHandleAccessor.invoke(DirectMethodHandleAccessor.java:104)\r\n\tat java.base/java.lang.reflect.Method.invoke(Method.java:578)\r\n\tat org.testng.internal.MethodInvocationHelper.invokeMethod(MethodInvocationHelper.java:133)\r\n\tat org.testng.internal.TestInvoker.invokeMethod(TestInvoker.java:598)\r\n\tat org.testng.internal.TestInvoker.invokeTestMethod(TestInvoker.java:173)\r\n\tat org.testng.internal.MethodRunner.runInSequence(MethodRunner.java:46)\r\n\tat org.testng.internal.TestInvoker$MethodInvocationAgent.invoke(TestInvoker.java:824)\r\n\tat org.testng.internal.TestInvoker.invokeTestMethods(TestInvoker.java:146)\r\n\tat org.testng.internal.TestMethodWorker.invokeTestMethods(TestMethodWorker.java:146)\r\n\tat org.testng.internal.TestMethodWorker.run(TestMethodWorker.java:128)\r\n\tat java.base/java.util.ArrayList.forEach(ArrayList.java:1511)\r\n\tat org.testng.TestRunner.privateRun(TestRunner.java:794)\r\n\tat org.testng.TestRunner.run(TestRunner.java:596)\r\n\tat org.testng.SuiteRunner.runTest(SuiteRunner.java:377)\r\n\tat org.testng.SuiteRunner.runSequentially(SuiteRunner.java:371)\r\n\tat org.testng.SuiteRunner.privateRun(SuiteRunner.java:332)\r\n\tat org.testng.SuiteRunner.run(SuiteRunner.java:276)\r\n\tat org.testng.SuiteRunnerWorker.runSuite(SuiteRunnerWorker.java:53)\r\n\tat org.testng.SuiteRunnerWorker.run(SuiteRunnerWorker.java:96)\r\n\tat org.testng.TestNG.runSuitesSequentially(TestNG.java:1212)\r\n\tat org.testng.TestNG.runSuitesLocally(TestNG.java:1134)\r\n\tat org.testng.TestNG.runSuites(TestNG.java:1063)\r\n\tat org.testng.TestNG.run(TestNG.java:1031)\r\n\tat com.intellij.rt.testng.IDEARemoteTestNG.run(IDEARemoteTestNG.java:66)\r\n\tat com.intellij.rt.testng.RemoteTestNGStarter.main(RemoteTestNGStarter.java:105)\r\n"},"stage":"finished","steps":[{"name":" Login With Choose Role","status":"passed","stage":"finished","steps":[{"name":"Update Text Element","status":"passed","stage":"finished","steps":[],"attachments":[],"parameters":[{"name":"elem","value":"[[ChromeDriver: chrome on windows (0c94c67c87ddac76a7ea717ef56133c3)] -> id: user_name]"},{"name":"text","value":"test"}],"start":1762237707814,"stop":1762237707920},{"name":"Update Text Element","status":"passed","stage":"finished","steps":[],"attachments":[],"parameters":[{"name":"elem","value":"[[ChromeDriver: chrome on windows (0c94c67c87ddac76a7ea717ef56133c3)] -> id: password]"},{"name":"text","value":"Te231121"}],"start":1762237707933,"stop":1762237708001},{"name":"Click on Element","status":"passed","stage":"finished","steps":[],"attachments":[],"parameters":[{"name":"elem","value":"[[ChromeDriver: chrome on windows (0c94c67c87ddac76a7ea717ef56133c3)] -> id: submitBtn]"}],"start":1762237708011,"stop":1762237708091},{"name":"Select text from List","status":"passed","stage":"finished","steps":[{"name":"Click on Element","status":"passed","stage":"finished","steps":[],"attachments":[],"parameters":[{"name":"elem","value":"[[ChromeDriver: chrome on windows (0c94c67c87ddac76a7ea717ef56133c3)] -> tag name: li]"}],"start":1762237708402,"stop":1762237708482}],"attachments":[],"parameters":[{"name":"list","value":"[[[ChromeDriver: chrome on windows (0c94c67c87ddac76a7ea717ef56133c3)] -> tag name: li], [[ChromeDriver: chrome on windows (0c94c67c87ddac76a7ea717ef56133c3)] -> tag name: li], [[ChromeDriver: chrome on windows (0c94c67c87ddac76a7ea717ef56133c3)] -> tag name: li], [[ChromeDriver: chrome on windows (0c94c67c87ddac76a7ea717ef56133c3)] -> tag name: li], [[ChromeDriver: chrome on windows (0c94c67c87ddac76a7ea717ef56133c3)] -> tag name: li], [[ChromeDriver: chrome on windows (0c94c67c87ddac76a7ea717ef56133c3)] -> tag name: li], [[ChromeDriver: chrome on windows (0c94c67c87ddac76a7ea717ef56133c3)] -> tag name: li], [[ChromeDriver: chrome on windows (0c94c67c87ddac76a7ea717ef56133c3)] -> tag name: li], [[ChromeDriver: chrome on windows (0c94c67c87ddac76a7ea717ef56133c3)] -> tag name: li], [[ChromeDriver: chrome on windows (0c94c67c87ddac76a7ea717ef56133c3)] -> tag name: li], [[ChromeDriver: chrome on windows (0c94c67c87ddac76a7ea717ef56133c3)] -> tag name: li]]"},{"name":"text","value":"אחות"}],"start":1762237708366,"stop":1762237708483}],"attachments":[],"parameters":[{"name":"r","value":"n"}],"start":1762237707800,"stop":1762237712487},{"name":" patientBoxEntry","status":"passed","stage":"finished","steps":[{"name":"Click on Element","status":"passed","stage":"finished","steps":[],"attachments":[],"parameters":[{"name":"elem","value":"[[ChromeDriver: chrome on windows (0c94c67c87ddac76a7ea717ef56133c3)] -> xpath: //p-table[contains(@class,'depMeushpazim-table patients-table')]//tr]"}],"start":1762237712528,"stop":1762237712604},{"name":"Verify Text in Element","status":"passed","stage":"finished","steps":[],"attachments":[],"parameters":[{"name":"elem","value":"[[ChromeDriver: chrome on windows (0c94c67c87ddac76a7ea717ef56133c3)] -> xpath: //span[@class='value-label']]"},{"name":"expected","value":"מס' שרות:"}],"start":1762237712785,"stop":1762237712974}],"attachments":[],"parameters":[{"name":"index","value":"1"}],"start":1762237712487,"stop":1762237716984},{"name":"approval drug daily","status":"broken","statusDetails":{"known":false,"muted":false,"flaky":false,"message":"element click intercepted: Element <button _ngcontent-rga-c373=\"\" autofocus=\"\" tabindex=\"1\" ngbdropdowntoggle=\"\" type=\"button\" class=\"dropdown-toggle btn btn-drop-day\" disabled=\"\" id=\"btnC1001\" aria-expanded=\"false\">...</button> is not clickable at point (233, 478). Other element would receive the click: <div _ngcontent-rga-c373=\"\" ngbdropdown=\"\" placement=\"bottom-right\" class=\"btn-group dropdown\" style=\"min-width: 50px;\" ng-reflect-placement=\"bottom-right\">...</div>\n  (Session info: chrome=137.0.7151.120)\nBuild info: version: '4.12.1', revision: '8e34639b11'\nSystem info: os.name: 'Windows 10', os.arch: 'amd64', os.version: '10.0', java.version: '19.0.2'\nDriver info: org.openqa.selenium.chrome.ChromeDriver\nCommand: [0c94c67c87ddac76a7ea717ef56133c3, clickElement {id=f.59258E74F4A9BA9B5DC79E21DD246CEF.d.BBDD839F943BBADB37BDF782EFF20A38.e.223}]\nCapabilities {acceptInsecureCerts: false, browserName: chrome, browserVersion: 137.0.7151.120, chrome: {chromedriverVersion: 137.0.7151.119 (e0ac9d12dff..., userDataDir: C:\\WINDOWS\\SystemTemp\\scope...}, fedcm:accounts: true, goog:chromeOptions: {debuggerAddress: localhost:50676}, networkConnectionEnabled: false, pageLoadStrategy: normal, platformName: windows, proxy: Proxy(), se:cdp: ws://localhost:50676/devtoo..., se:cdpVersion: 137.0.7151.120, setWindowRect: true, strictFileInteractability: false, timeouts: {implicit: 0, pageLoad: 300000, script: 30000}, unhandledPromptBehavior: dismiss and notify, webauthn:extension:credBlob: true, webauthn:extension:largeBlob: true, webauthn:extension:minPinLength: true, webauthn:extension:prf: true, webauthn:virtualAuthenticators: true}\nElement: [[ChromeDriver: chrome on windows (0c94c67c87ddac76a7ea717ef56133c3)] -> xpath: //table[@class='table main-table liquidationDrug']//div[@id='div-group-current-day']//button]\nSession ID: 0c94c67c87ddac76a7ea717ef56133c3","trace":"org.openqa.selenium.ElementClickInterceptedException: element click intercepted: Element <button _ngcontent-rga-c373=\"\" autofocus=\"\" tabindex=\"1\" ngbdropdowntoggle=\"\" type=\"button\" class=\"dropdown-toggle btn btn-drop-day\" disabled=\"\" id=\"btnC1001\" aria-expanded=\"false\">...</button> is not clickable at point (233, 478). Other element would receive the click: <div _ngcontent-rga-c373=\"\" ngbdropdown=\"\" placement=\"bottom-right\" class=\"btn-group dropdown\" style=\"min-width: 50px;\" ng-reflect-placement=\"bottom-right\">...</div>\n  (Session info: chrome=137.0.7151.120)\nBuild info: version: '4.12.1', revision: '8e34639b11'\nSystem info: os.name: 'Windows 10', os.arch: 'amd64', os.version: '10.0', java.version: '19.0.2'\nDriver info: org.openqa.selenium.chrome.ChromeDriver\nCommand: [0c94c67c87ddac76a7ea717ef56133c3, clickElement {id=f.59258E74F4A9BA9B5DC79E21DD246CEF.d.BBDD839F943BBADB37BDF782EFF20A38.e.223}]\nCapabilities {acceptInsecureCerts: false, browserName: chrome, browserVersion: 137.0.7151.120, chrome: {chromedriverVersion: 137.0.7151.119 (e0ac9d12dff..., userDataDir: C:\\WINDOWS\\SystemTemp\\scope...}, fedcm:accounts: true, goog:chromeOptions: {debuggerAddress: localhost:50676}, networkConnectionEnabled: false, pageLoadStrategy: normal, platformName: windows, proxy: Proxy(), se:cdp: ws://localhost:50676/devtoo..., se:cdpVersion: 137.0.7151.120, setWindowRect: true, strictFileInteractability: false, timeouts: {implicit: 0, pageLoad: 300000, script: 30000}, unhandledPromptBehavior: dismiss and notify, webauthn:extension:credBlob: true, webauthn:extension:largeBlob: true, webauthn:extension:minPinLength: true, webauthn:extension:prf: true, webauthn:virtualAuthenticators: true}\nElement: [[ChromeDriver: chrome on windows (0c94c67c87ddac76a7ea717ef56133c3)] -> xpath: //table[@class='table main-table liquidationDrug']//div[@id='div-group-current-day']//button]\nSession ID: 0c94c67c87ddac76a7ea717ef56133c3\r\n\tat java.base/jdk.internal.reflect.DirectConstructorHandleAccessor.newInstance(DirectConstructorHandleAccessor.java:67)\r\n\tat java.base/java.lang.reflect.Constructor.newInstanceWithCaller(Constructor.java:500)\r\n\tat java.base/java.lang.reflect.Constructor.newInstance(Constructor.java:484)\r\n\tat org.openqa.selenium.remote.codec.w3c.W3CHttpResponseCodec.createException(W3CHttpResponseCodec.java:200)\r\n\tat org.openqa.selenium.remote.codec.w3c.W3CHttpResponseCodec.decode(W3CHttpResponseCodec.java:133)\r\n\tat org.openqa.selenium.remote.codec.w3c.W3CHttpResponseCodec.decode(W3CHttpResponseCodec.java:52)\r\n\tat org.openqa.selenium.remote.HttpCommandExecutor.execute(HttpCommandExecutor.java:191)\r\n\tat org.openqa.selenium.remote.service.DriverCommandExecutor.invokeExecute(DriverCommandExecutor.java:196)\r\n\tat org.openqa.selenium.remote.service.DriverCommandExecutor.execute(DriverCommandExecutor.java:171)\r\n\tat org.openqa.selenium.remote.RemoteWebDriver.execute(RemoteWebDriver.java:602)\r\n\tat org.openqa.selenium.remote.RemoteWebElement.execute(RemoteWebElement.java:224)\r\n\tat org.openqa.selenium.remote.RemoteWebElement.click(RemoteWebElement.java:77)\r\n\tat workflows.nurse.nurseFlows.approvalDrugsDaily(nurseFlows.java:104)\r\n\tat SanityTest.test04_approvalMedicationToPatient(SanityTest.java:51)\r\n\tat java.base/jdk.internal.reflect.DirectMethodHandleAccessor.invoke(DirectMethodHandleAccessor.java:104)\r\n\tat java.base/java.lang.reflect.Method.invoke(Method.java:578)\r\n\tat org.testng.internal.MethodInvocationHelper.invokeMethod(MethodInvocationHelper.java:133)\r\n\tat org.testng.internal.TestInvoker.invokeMethod(TestInvoker.java:598)\r\n\tat org.testng.internal.TestInvoker.invokeTestMethod(TestInvoker.java:173)\r\n\tat org.testng.internal.MethodRunner.runInSequence(MethodRunner.java:46)\r\n\tat org.testng.internal.TestInvoker$MethodInvocationAgent.invoke(TestInvoker.java:824)\r\n\tat org.testng.internal.TestInvoker.invokeTestMethods(TestInvoker.java:146)\r\n\tat org.testng.internal.TestMethodWorker.invokeTestMethods(TestMethodWorker.java:146)\r\n\tat org.testng.internal.TestMethodWorker.run(TestMethodWorker.java:128)\r\n\tat java.base/java.util.ArrayList.forEach(ArrayList.java:1511)\r\n\tat org.testng.TestRunner.privateRun(TestRunner.java:794)\r\n\tat org.testng.TestRunner.run(TestRunner.java:596)\r\n\tat org.testng.SuiteRunner.runTest(SuiteRunner.java:377)\r\n\tat org.testng.SuiteRunner.runSequentially(SuiteRunner.java:371)\r\n\tat org.testng.SuiteRunner.privateRun(SuiteRunner.java:332)\r\n\tat org.testng.SuiteRunner.run(SuiteRunner.java:276)\r\n\tat org.testng.SuiteRunnerWorker.runSuite(SuiteRunnerWorker.java:53)\r\n\tat org.testng.SuiteRunnerWorker.run(SuiteRunnerWorker.java:96)\r\n\tat org.testng.TestNG.runSuitesSequentially(TestNG.java:1212)\r\n\tat org.testng.TestNG.runSuitesLocally(TestNG.java:1134)\r\n\tat org.testng.TestNG.runSuites(TestNG.java:1063)\r\n\tat org.testng.TestNG.run(TestNG.java:1031)\r\n\tat com.intellij.rt.testng.IDEARemoteTestNG.run(IDEARemoteTestNG.java:66)\r\n\tat com.intellij.rt.testng.RemoteTestNGStarter.main(RemoteTestNGStarter.java:105)\r\n"},"stage":"finished","steps":[],"attachments":[],"parameters":[{"name":"numberOfTime","value":"1"},{"name":"isFuture","value":"false"}],"start":1762237717034,"stop":1762237718315}],"attachments":[],"parameters":[],"start":1762237707800,"stop":1762237718317,"uuid":"937c81f9-7a5b-4076-9727-7b3412c41d0f","historyId":"c23dc702b266a4d34631db294d00b6ab","fullName":"SanityTest.test04_approvalMedicationToPatient","labels":[{"name":"package","value":"SanityTest"},{"name":"testClass","value":"SanityTest"},{"name":"testMethod","value":"test04_approvalMedicationToPatient"},{"name":"parentSuite","value":"Default Suite"},{"name":"suite","value":"AutomationProject_emr"},{"name":"subSuite","value":"SanityTest"},{"name":"host","value":"COMPU_EFRAT"},{"name":"thread","value":"7028@COMPU_EFRAT.main(1)"},{"name":"framework","value":"testng"},{"name":"language","value":"java"}],"links":[]}