{"name":"discharged patients list appears","status":"broken","statusDetails":{"known":false,"muted":false,"flaky":false,"message":"Cannot invoke \"org.openqa.selenium.WebElement.click()\" because \"elem\" is null","trace":"java.lang.NullPointerException: Cannot invoke \"org.openqa.selenium.WebElement.click()\" because \"elem\" is null\r\n\tat workflows.NavigateFlows.goToCategory(NavigateFlows.java:22)\r\n\tat SanityTest.test07_verifyLisDischargedPatientsIsDisplayed(SanityTest.java:84)\r\n\tat java.base/jdk.internal.reflect.DirectMethodHandleAccessor.invoke(DirectMethodHandleAccessor.java:104)\r\n\tat java.base/java.lang.reflect.Method.invoke(Method.java:578)\r\n\tat org.testng.internal.MethodInvocationHelper.invokeMethod(MethodInvocationHelper.java:133)\r\n\tat org.testng.internal.TestInvoker.invokeMethod(TestInvoker.java:598)\r\n\tat org.testng.internal.TestInvoker.invokeTestMethod(TestInvoker.java:173)\r\n\tat org.testng.internal.MethodRunner.runInSequence(MethodRunner.java:46)\r\n\tat org.testng.internal.TestInvoker$MethodInvocationAgent.invoke(TestInvoker.java:824)\r\n\tat org.testng.internal.TestInvoker.invokeTestMethods(TestInvoker.java:146)\r\n\tat org.testng.internal.TestMethodWorker.invokeTestMethods(TestMethodWorker.java:146)\r\n\tat org.testng.internal.TestMethodWorker.run(TestMethodWorker.java:128)\r\n\tat java.base/java.util.ArrayList.forEach(ArrayList.java:1511)\r\n\tat org.testng.TestRunner.privateRun(TestRunner.java:794)\r\n\tat org.testng.TestRunner.run(TestRunner.java:596)\r\n\tat org.testng.SuiteRunner.runTest(SuiteRunner.java:377)\r\n\tat org.testng.SuiteRunner.runSequentially(SuiteRunner.java:371)\r\n\tat org.testng.SuiteRunner.privateRun(SuiteRunner.java:332)\r\n\tat org.testng.SuiteRunner.run(SuiteRunner.java:276)\r\n\tat org.testng.SuiteRunnerWorker.runSuite(SuiteRunnerWorker.java:53)\r\n\tat org.testng.SuiteRunnerWorker.run(SuiteRunnerWorker.java:96)\r\n\tat org.testng.TestNG.runSuitesSequentially(TestNG.java:1212)\r\n\tat org.testng.TestNG.runSuitesLocally(TestNG.java:1134)\r\n\tat org.testng.TestNG.runSuites(TestNG.java:1063)\r\n\tat org.testng.TestNG.run(TestNG.java:1031)\r\n\tat com.intellij.rt.testng.IDEARemoteTestNG.run(IDEARemoteTestNG.java:66)\r\n\tat com.intellij.rt.testng.RemoteTestNGStarter.main(RemoteTestNGStarter.java:105)\r\n"},"stage":"finished","steps":[{"name":" Login With Choose Role","status":"passed","stage":"finished","steps":[{"name":"Update Text Element","status":"passed","stage":"finished","steps":[],"attachments":[],"parameters":[{"name":"elem","value":"[[ChromeDriver: chrome on windows (c883fe029580c9cfcd84900197a6939d)] -> id: user_name]"},{"name":"text","value":"test"}],"start":1761743201699,"stop":1761743201779},{"name":"Update Text Element","status":"passed","stage":"finished","steps":[],"attachments":[],"parameters":[{"name":"elem","value":"[[ChromeDriver: chrome on windows (c883fe029580c9cfcd84900197a6939d)] -> id: password]"},{"name":"text","value":"Te231121"}],"start":1761743201791,"stop":1761743201860},{"name":"Click on Element","status":"passed","stage":"finished","steps":[],"attachments":[],"parameters":[{"name":"elem","value":"[[ChromeDriver: chrome on windows (c883fe029580c9cfcd84900197a6939d)] -> id: submitBtn]"}],"start":1761743201870,"stop":1761743201949},{"name":"Select text from List","status":"passed","stage":"finished","steps":[{"name":"Click on Element","status":"passed","stage":"finished","steps":[],"attachments":[],"parameters":[{"name":"elem","value":"[[ChromeDriver: chrome on windows (c883fe029580c9cfcd84900197a6939d)] -> tag name: li]"}],"start":1761743202365,"stop":1761743202440}],"attachments":[],"parameters":[{"name":"list","value":"[[[ChromeDriver: chrome on windows (c883fe029580c9cfcd84900197a6939d)] -> tag name: li], [[ChromeDriver: chrome on windows (c883fe029580c9cfcd84900197a6939d)] -> tag name: li], [[ChromeDriver: chrome on windows (c883fe029580c9cfcd84900197a6939d)] -> tag name: li], [[ChromeDriver: chrome on windows (c883fe029580c9cfcd84900197a6939d)] -> tag name: li], [[ChromeDriver: chrome on windows (c883fe029580c9cfcd84900197a6939d)] -> tag name: li], [[ChromeDriver: chrome on windows (c883fe029580c9cfcd84900197a6939d)] -> tag name: li], [[ChromeDriver: chrome on windows (c883fe029580c9cfcd84900197a6939d)] -> tag name: li], [[ChromeDriver: chrome on windows (c883fe029580c9cfcd84900197a6939d)] -> tag name: li], [[ChromeDriver: chrome on windows (c883fe029580c9cfcd84900197a6939d)] -> tag name: li], [[ChromeDriver: chrome on windows (c883fe029580c9cfcd84900197a6939d)] -> tag name: li], [[ChromeDriver: chrome on windows (c883fe029580c9cfcd84900197a6939d)] -> tag name: li]]"},{"name":"text","value":"רופא"}],"start":1761743202343,"stop":1761743202440}],"attachments":[],"parameters":[{"name":"r","value":"d"}],"start":1761743201664,"stop":1761743206448},{"name":"goToCategory","status":"broken","statusDetails":{"known":false,"muted":false,"flaky":false,"message":"Cannot invoke \"org.openqa.selenium.WebElement.click()\" because \"elem\" is null","trace":"java.lang.NullPointerException: Cannot invoke \"org.openqa.selenium.WebElement.click()\" because \"elem\" is null\r\n\tat workflows.NavigateFlows.goToCategory(NavigateFlows.java:22)\r\n\tat SanityTest.test07_verifyLisDischargedPatientsIsDisplayed(SanityTest.java:84)\r\n\tat java.base/jdk.internal.reflect.DirectMethodHandleAccessor.invoke(DirectMethodHandleAccessor.java:104)\r\n\tat java.base/java.lang.reflect.Method.invoke(Method.java:578)\r\n\tat org.testng.internal.MethodInvocationHelper.invokeMethod(MethodInvocationHelper.java:133)\r\n\tat org.testng.internal.TestInvoker.invokeMethod(TestInvoker.java:598)\r\n\tat org.testng.internal.TestInvoker.invokeTestMethod(TestInvoker.java:173)\r\n\tat org.testng.internal.MethodRunner.runInSequence(MethodRunner.java:46)\r\n\tat org.testng.internal.TestInvoker$MethodInvocationAgent.invoke(TestInvoker.java:824)\r\n\tat org.testng.internal.TestInvoker.invokeTestMethods(TestInvoker.java:146)\r\n\tat org.testng.internal.TestMethodWorker.invokeTestMethods(TestMethodWorker.java:146)\r\n\tat org.testng.internal.TestMethodWorker.run(TestMethodWorker.java:128)\r\n\tat java.base/java.util.ArrayList.forEach(ArrayList.java:1511)\r\n\tat org.testng.TestRunner.privateRun(TestRunner.java:794)\r\n\tat org.testng.TestRunner.run(TestRunner.java:596)\r\n\tat org.testng.SuiteRunner.runTest(SuiteRunner.java:377)\r\n\tat org.testng.SuiteRunner.runSequentially(SuiteRunner.java:371)\r\n\tat org.testng.SuiteRunner.privateRun(SuiteRunner.java:332)\r\n\tat org.testng.SuiteRunner.run(SuiteRunner.java:276)\r\n\tat org.testng.SuiteRunnerWorker.runSuite(SuiteRunnerWorker.java:53)\r\n\tat org.testng.SuiteRunnerWorker.run(SuiteRunnerWorker.java:96)\r\n\tat org.testng.TestNG.runSuitesSequentially(TestNG.java:1212)\r\n\tat org.testng.TestNG.runSuitesLocally(TestNG.java:1134)\r\n\tat org.testng.TestNG.runSuites(TestNG.java:1063)\r\n\tat org.testng.TestNG.run(TestNG.java:1031)\r\n\tat com.intellij.rt.testng.IDEARemoteTestNG.run(IDEARemoteTestNG.java:66)\r\n\tat com.intellij.rt.testng.RemoteTestNGStarter.main(RemoteTestNGStarter.java:105)\r\n"},"stage":"finished","steps":[],"attachments":[],"parameters":[{"name":"categoryName","value":"dischargedList"}],"start":1761743206452,"stop":1761743210463}],"attachments":[],"parameters":[],"start":1761743201584,"stop":1761743210467,"uuid":"a3d8e623-d607-478e-b448-eef07329a761","historyId":"f3961188e60048b725ee02c205cd6848","fullName":"SanityTest.test07_verifyLisDischargedPatientsIsDisplayed","labels":[{"name":"package","value":"SanityTest"},{"name":"testClass","value":"SanityTest"},{"name":"testMethod","value":"test07_verifyLisDischargedPatientsIsDisplayed"},{"name":"parentSuite","value":"Default Suite"},{"name":"suite","value":"AutomationProject_emr"},{"name":"subSuite","value":"SanityTest"},{"name":"host","value":"COMPU_EFRAT"},{"name":"thread","value":"16392@COMPU_EFRAT.main(1)"},{"name":"framework","value":"testng"},{"name":"language","value":"java"}],"links":[]}