{"name":"successful medication approval","status":"broken","statusDetails":{"known":false,"muted":false,"flaky":false,"message":"element click intercepted: Element <button _ngcontent-kqb-c373=\"\" autofocus=\"\" tabindex=\"1\" ngbdropdowntoggle=\"\" type=\"button\" class=\"dropdown-toggle btn btn-drop-day\" disabled=\"\" id=\"btnC1001\" aria-expanded=\"false\">...</button> is not clickable at point (231, 477). Other element would receive the click: <div _ngcontent-kqb-c373=\"\" ngbdropdown=\"\" placement=\"bottom-right\" class=\"btn-group dropdown\" style=\"min-width: 50px;\" ng-reflect-placement=\"bottom-right\">...</div>\n  (Session info: chrome=137.0.7151.120)\nBuild info: version: '4.12.1', revision: '8e34639b11'\nSystem info: os.name: 'Windows 10', os.arch: 'amd64', os.version: '10.0', java.version: '19.0.2'\nDriver info: org.openqa.selenium.chrome.ChromeDriver\nCommand: [58b8b0aeed525cda1ca34df870624cce, clickElement {id=f.E2A91178D6AC7A56419A20CE318495C7.d.5E310FF4E434EBF38CCF9B820572CC03.e.179}]\nCapabilities {acceptInsecureCerts: false, browserName: chrome, browserVersion: 137.0.7151.120, chrome: {chromedriverVersion: 137.0.7151.119 (e0ac9d12dff..., userDataDir: C:\\WINDOWS\\SystemTemp\\scope...}, fedcm:accounts: true, goog:chromeOptions: {debuggerAddress: localhost:55028}, networkConnectionEnabled: false, pageLoadStrategy: normal, platformName: windows, proxy: Proxy(), se:cdp: ws://localhost:55028/devtoo..., se:cdpVersion: 137.0.7151.120, setWindowRect: true, strictFileInteractability: false, timeouts: {implicit: 0, pageLoad: 300000, script: 30000}, unhandledPromptBehavior: dismiss and notify, webauthn:extension:credBlob: true, webauthn:extension:largeBlob: true, webauthn:extension:minPinLength: true, webauthn:extension:prf: true, webauthn:virtualAuthenticators: true}\nElement: [[ChromeDriver: chrome on windows (58b8b0aeed525cda1ca34df870624cce)] -> xpath: //table[@class='table main-table liquidationDrug']//div[@id='div-group-current-day']//button]\nSession ID: 58b8b0aeed525cda1ca34df870624cce","trace":"org.openqa.selenium.ElementClickInterceptedException: element click intercepted: Element <button _ngcontent-kqb-c373=\"\" autofocus=\"\" tabindex=\"1\" ngbdropdowntoggle=\"\" type=\"button\" class=\"dropdown-toggle btn btn-drop-day\" disabled=\"\" id=\"btnC1001\" aria-expanded=\"false\">...</button> is not clickable at point (231, 477). Other element would receive the click: <div _ngcontent-kqb-c373=\"\" ngbdropdown=\"\" placement=\"bottom-right\" class=\"btn-group dropdown\" style=\"min-width: 50px;\" ng-reflect-placement=\"bottom-right\">...</div>\n  (Session info: chrome=137.0.7151.120)\nBuild info: version: '4.12.1', revision: '8e34639b11'\nSystem info: os.name: 'Windows 10', os.arch: 'amd64', os.version: '10.0', java.version: '19.0.2'\nDriver info: org.openqa.selenium.chrome.ChromeDriver\nCommand: [58b8b0aeed525cda1ca34df870624cce, clickElement {id=f.E2A91178D6AC7A56419A20CE318495C7.d.5E310FF4E434EBF38CCF9B820572CC03.e.179}]\nCapabilities {acceptInsecureCerts: false, browserName: chrome, browserVersion: 137.0.7151.120, chrome: {chromedriverVersion: 137.0.7151.119 (e0ac9d12dff..., userDataDir: C:\\WINDOWS\\SystemTemp\\scope...}, fedcm:accounts: true, goog:chromeOptions: {debuggerAddress: localhost:55028}, networkConnectionEnabled: false, pageLoadStrategy: normal, platformName: windows, proxy: Proxy(), se:cdp: ws://localhost:55028/devtoo..., se:cdpVersion: 137.0.7151.120, setWindowRect: true, strictFileInteractability: false, timeouts: {implicit: 0, pageLoad: 300000, script: 30000}, unhandledPromptBehavior: dismiss and notify, webauthn:extension:credBlob: true, webauthn:extension:largeBlob: true, webauthn:extension:minPinLength: true, webauthn:extension:prf: true, webauthn:virtualAuthenticators: true}\nElement: [[ChromeDriver: chrome on windows (58b8b0aeed525cda1ca34df870624cce)] -> xpath: //table[@class='table main-table liquidationDrug']//div[@id='div-group-current-day']//button]\nSession ID: 58b8b0aeed525cda1ca34df870624cce\r\n\tat java.base/jdk.internal.reflect.DirectConstructorHandleAccessor.newInstance(DirectConstructorHandleAccessor.java:67)\r\n\tat java.base/java.lang.reflect.Constructor.newInstanceWithCaller(Constructor.java:500)\r\n\tat java.base/java.lang.reflect.Constructor.newInstance(Constructor.java:484)\r\n\tat org.openqa.selenium.remote.codec.w3c.W3CHttpResponseCodec.createException(W3CHttpResponseCodec.java:200)\r\n\tat org.openqa.selenium.remote.codec.w3c.W3CHttpResponseCodec.decode(W3CHttpResponseCodec.java:133)\r\n\tat org.openqa.selenium.remote.codec.w3c.W3CHttpResponseCodec.decode(W3CHttpResponseCodec.java:52)\r\n\tat org.openqa.selenium.remote.HttpCommandExecutor.execute(HttpCommandExecutor.java:191)\r\n\tat org.openqa.selenium.remote.service.DriverCommandExecutor.invokeExecute(DriverCommandExecutor.java:196)\r\n\tat org.openqa.selenium.remote.service.DriverCommandExecutor.execute(DriverCommandExecutor.java:171)\r\n\tat org.openqa.selenium.remote.RemoteWebDriver.execute(RemoteWebDriver.java:602)\r\n\tat org.openqa.selenium.remote.RemoteWebElement.execute(RemoteWebElement.java:224)\r\n\tat org.openqa.selenium.remote.RemoteWebElement.click(RemoteWebElement.java:77)\r\n\tat workflows.nurse.nurseFlows.approvalDrugsDaily(nurseFlows.java:104)\r\n\tat SanityTest.test04_approvalMedicationToPatient(SanityTest.java:51)\r\n\tat java.base/jdk.internal.reflect.DirectMethodHandleAccessor.invoke(DirectMethodHandleAccessor.java:104)\r\n\tat java.base/java.lang.reflect.Method.invoke(Method.java:578)\r\n\tat org.testng.internal.MethodInvocationHelper.invokeMethod(MethodInvocationHelper.java:133)\r\n\tat org.testng.internal.TestInvoker.invokeMethod(TestInvoker.java:598)\r\n\tat org.testng.internal.TestInvoker.invokeTestMethod(TestInvoker.java:173)\r\n\tat org.testng.internal.MethodRunner.runInSequence(MethodRunner.java:46)\r\n\tat org.testng.internal.TestInvoker$MethodInvocationAgent.invoke(TestInvoker.java:824)\r\n\tat org.testng.internal.TestInvoker.invokeTestMethods(TestInvoker.java:146)\r\n\tat org.testng.internal.TestMethodWorker.invokeTestMethods(TestMethodWorker.java:146)\r\n\tat org.testng.internal.TestMethodWorker.run(TestMethodWorker.java:128)\r\n\tat java.base/java.util.ArrayList.forEach(ArrayList.java:1511)\r\n\tat org.testng.TestRunner.privateRun(TestRunner.java:794)\r\n\tat org.testng.TestRunner.run(TestRunner.java:596)\r\n\tat org.testng.SuiteRunner.runTest(SuiteRunner.java:377)\r\n\tat org.testng.SuiteRunner.runSequentially(SuiteRunner.java:371)\r\n\tat org.testng.SuiteRunner.privateRun(SuiteRunner.java:332)\r\n\tat org.testng.SuiteRunner.run(SuiteRunner.java:276)\r\n\tat org.testng.SuiteRunnerWorker.runSuite(SuiteRunnerWorker.java:53)\r\n\tat org.testng.SuiteRunnerWorker.run(SuiteRunnerWorker.java:96)\r\n\tat org.testng.TestNG.runSuitesSequentially(TestNG.java:1212)\r\n\tat org.testng.TestNG.runSuitesLocally(TestNG.java:1134)\r\n\tat org.testng.TestNG.runSuites(TestNG.java:1063)\r\n\tat org.testng.TestNG.run(TestNG.java:1031)\r\n\tat com.intellij.rt.testng.IDEARemoteTestNG.run(IDEARemoteTestNG.java:66)\r\n\tat com.intellij.rt.testng.RemoteTestNGStarter.main(RemoteTestNGStarter.java:105)\r\n"},"stage":"finished","steps":[{"name":" Login With Choose Role","status":"passed","stage":"finished","steps":[{"name":"Update Text Element","status":"passed","stage":"finished","steps":[],"attachments":[],"parameters":[{"name":"elem","value":"[[ChromeDriver: chrome on windows (58b8b0aeed525cda1ca34df870624cce)] -> id: user_name]"},{"name":"text","value":"test"}],"start":1762242393566,"stop":1762242393646},{"name":"Update Text Element","status":"passed","stage":"finished","steps":[],"attachments":[],"parameters":[{"name":"elem","value":"[[ChromeDriver: chrome on windows (58b8b0aeed525cda1ca34df870624cce)] -> id: password]"},{"name":"text","value":"Te231121"}],"start":1762242393658,"stop":1762242393732},{"name":"Click on Element","status":"passed","stage":"finished","steps":[],"attachments":[],"parameters":[{"name":"elem","value":"[[ChromeDriver: chrome on windows (58b8b0aeed525cda1ca34df870624cce)] -> id: submitBtn]"}],"start":1762242393742,"stop":1762242393823},{"name":"Select text from List","status":"passed","stage":"finished","steps":[{"name":"Click on Element","status":"passed","stage":"finished","steps":[],"attachments":[],"parameters":[{"name":"elem","value":"[[ChromeDriver: chrome on windows (58b8b0aeed525cda1ca34df870624cce)] -> tag name: li]"}],"start":1762242394126,"stop":1762242394189}],"attachments":[],"parameters":[{"name":"list","value":"[[[ChromeDriver: chrome on windows (58b8b0aeed525cda1ca34df870624cce)] -> tag name: li], [[ChromeDriver: chrome on windows (58b8b0aeed525cda1ca34df870624cce)] -> tag name: li], [[ChromeDriver: chrome on windows (58b8b0aeed525cda1ca34df870624cce)] -> tag name: li], [[ChromeDriver: chrome on windows (58b8b0aeed525cda1ca34df870624cce)] -> tag name: li], [[ChromeDriver: chrome on windows (58b8b0aeed525cda1ca34df870624cce)] -> tag name: li], [[ChromeDriver: chrome on windows (58b8b0aeed525cda1ca34df870624cce)] -> tag name: li], [[ChromeDriver: chrome on windows (58b8b0aeed525cda1ca34df870624cce)] -> tag name: li], [[ChromeDriver: chrome on windows (58b8b0aeed525cda1ca34df870624cce)] -> tag name: li], [[ChromeDriver: chrome on windows (58b8b0aeed525cda1ca34df870624cce)] -> tag name: li], [[ChromeDriver: chrome on windows (58b8b0aeed525cda1ca34df870624cce)] -> tag name: li], [[ChromeDriver: chrome on windows (58b8b0aeed525cda1ca34df870624cce)] -> tag name: li]]"},{"name":"text","value":"אחות"}],"start":1762242394098,"stop":1762242394189}],"attachments":[],"parameters":[{"name":"r","value":"n"}],"start":1762242393550,"stop":1762242398200},{"name":" patientBoxEntry","status":"passed","stage":"finished","steps":[{"name":"Click on Element","status":"passed","stage":"finished","steps":[],"attachments":[],"parameters":[{"name":"elem","value":"[[ChromeDriver: chrome on windows (58b8b0aeed525cda1ca34df870624cce)] -> xpath: //p-table[contains(@class,'depMeushpazim-table patients-table')]//tr]"}],"start":1762242398213,"stop":1762242398278},{"name":"Verify Text in Element","status":"passed","stage":"finished","steps":[],"attachments":[],"parameters":[{"name":"elem","value":"[[ChromeDriver: chrome on windows (58b8b0aeed525cda1ca34df870624cce)] -> xpath: //span[@class='value-label']]"},{"name":"expected","value":"מס' שרות:"}],"start":1762242398438,"stop":1762242398457}],"attachments":[],"parameters":[{"name":"index","value":"1"}],"start":1762242398200,"stop":1762242402461},{"name":"approval drug daily","status":"broken","statusDetails":{"known":false,"muted":false,"flaky":false,"message":"element click intercepted: Element <button _ngcontent-kqb-c373=\"\" autofocus=\"\" tabindex=\"1\" ngbdropdowntoggle=\"\" type=\"button\" class=\"dropdown-toggle btn btn-drop-day\" disabled=\"\" id=\"btnC1001\" aria-expanded=\"false\">...</button> is not clickable at point (231, 477). Other element would receive the click: <div _ngcontent-kqb-c373=\"\" ngbdropdown=\"\" placement=\"bottom-right\" class=\"btn-group dropdown\" style=\"min-width: 50px;\" ng-reflect-placement=\"bottom-right\">...</div>\n  (Session info: chrome=137.0.7151.120)\nBuild info: version: '4.12.1', revision: '8e34639b11'\nSystem info: os.name: 'Windows 10', os.arch: 'amd64', os.version: '10.0', java.version: '19.0.2'\nDriver info: org.openqa.selenium.chrome.ChromeDriver\nCommand: [58b8b0aeed525cda1ca34df870624cce, clickElement {id=f.E2A91178D6AC7A56419A20CE318495C7.d.5E310FF4E434EBF38CCF9B820572CC03.e.179}]\nCapabilities {acceptInsecureCerts: false, browserName: chrome, browserVersion: 137.0.7151.120, chrome: {chromedriverVersion: 137.0.7151.119 (e0ac9d12dff..., userDataDir: C:\\WINDOWS\\SystemTemp\\scope...}, fedcm:accounts: true, goog:chromeOptions: {debuggerAddress: localhost:55028}, networkConnectionEnabled: false, pageLoadStrategy: normal, platformName: windows, proxy: Proxy(), se:cdp: ws://localhost:55028/devtoo..., se:cdpVersion: 137.0.7151.120, setWindowRect: true, strictFileInteractability: false, timeouts: {implicit: 0, pageLoad: 300000, script: 30000}, unhandledPromptBehavior: dismiss and notify, webauthn:extension:credBlob: true, webauthn:extension:largeBlob: true, webauthn:extension:minPinLength: true, webauthn:extension:prf: true, webauthn:virtualAuthenticators: true}\nElement: [[ChromeDriver: chrome on windows (58b8b0aeed525cda1ca34df870624cce)] -> xpath: //table[@class='table main-table liquidationDrug']//div[@id='div-group-current-day']//button]\nSession ID: 58b8b0aeed525cda1ca34df870624cce","trace":"org.openqa.selenium.ElementClickInterceptedException: element click intercepted: Element <button _ngcontent-kqb-c373=\"\" autofocus=\"\" tabindex=\"1\" ngbdropdowntoggle=\"\" type=\"button\" class=\"dropdown-toggle btn btn-drop-day\" disabled=\"\" id=\"btnC1001\" aria-expanded=\"false\">...</button> is not clickable at point (231, 477). Other element would receive the click: <div _ngcontent-kqb-c373=\"\" ngbdropdown=\"\" placement=\"bottom-right\" class=\"btn-group dropdown\" style=\"min-width: 50px;\" ng-reflect-placement=\"bottom-right\">...</div>\n  (Session info: chrome=137.0.7151.120)\nBuild info: version: '4.12.1', revision: '8e34639b11'\nSystem info: os.name: 'Windows 10', os.arch: 'amd64', os.version: '10.0', java.version: '19.0.2'\nDriver info: org.openqa.selenium.chrome.ChromeDriver\nCommand: [58b8b0aeed525cda1ca34df870624cce, clickElement {id=f.E2A91178D6AC7A56419A20CE318495C7.d.5E310FF4E434EBF38CCF9B820572CC03.e.179}]\nCapabilities {acceptInsecureCerts: false, browserName: chrome, browserVersion: 137.0.7151.120, chrome: {chromedriverVersion: 137.0.7151.119 (e0ac9d12dff..., userDataDir: C:\\WINDOWS\\SystemTemp\\scope...}, fedcm:accounts: true, goog:chromeOptions: {debuggerAddress: localhost:55028}, networkConnectionEnabled: false, pageLoadStrategy: normal, platformName: windows, proxy: Proxy(), se:cdp: ws://localhost:55028/devtoo..., se:cdpVersion: 137.0.7151.120, setWindowRect: true, strictFileInteractability: false, timeouts: {implicit: 0, pageLoad: 300000, script: 30000}, unhandledPromptBehavior: dismiss and notify, webauthn:extension:credBlob: true, webauthn:extension:largeBlob: true, webauthn:extension:minPinLength: true, webauthn:extension:prf: true, webauthn:virtualAuthenticators: true}\nElement: [[ChromeDriver: chrome on windows (58b8b0aeed525cda1ca34df870624cce)] -> xpath: //table[@class='table main-table liquidationDrug']//div[@id='div-group-current-day']//button]\nSession ID: 58b8b0aeed525cda1ca34df870624cce\r\n\tat java.base/jdk.internal.reflect.DirectConstructorHandleAccessor.newInstance(DirectConstructorHandleAccessor.java:67)\r\n\tat java.base/java.lang.reflect.Constructor.newInstanceWithCaller(Constructor.java:500)\r\n\tat java.base/java.lang.reflect.Constructor.newInstance(Constructor.java:484)\r\n\tat org.openqa.selenium.remote.codec.w3c.W3CHttpResponseCodec.createException(W3CHttpResponseCodec.java:200)\r\n\tat org.openqa.selenium.remote.codec.w3c.W3CHttpResponseCodec.decode(W3CHttpResponseCodec.java:133)\r\n\tat org.openqa.selenium.remote.codec.w3c.W3CHttpResponseCodec.decode(W3CHttpResponseCodec.java:52)\r\n\tat org.openqa.selenium.remote.HttpCommandExecutor.execute(HttpCommandExecutor.java:191)\r\n\tat org.openqa.selenium.remote.service.DriverCommandExecutor.invokeExecute(DriverCommandExecutor.java:196)\r\n\tat org.openqa.selenium.remote.service.DriverCommandExecutor.execute(DriverCommandExecutor.java:171)\r\n\tat org.openqa.selenium.remote.RemoteWebDriver.execute(RemoteWebDriver.java:602)\r\n\tat org.openqa.selenium.remote.RemoteWebElement.execute(RemoteWebElement.java:224)\r\n\tat org.openqa.selenium.remote.RemoteWebElement.click(RemoteWebElement.java:77)\r\n\tat workflows.nurse.nurseFlows.approvalDrugsDaily(nurseFlows.java:104)\r\n\tat SanityTest.test04_approvalMedicationToPatient(SanityTest.java:51)\r\n\tat java.base/jdk.internal.reflect.DirectMethodHandleAccessor.invoke(DirectMethodHandleAccessor.java:104)\r\n\tat java.base/java.lang.reflect.Method.invoke(Method.java:578)\r\n\tat org.testng.internal.MethodInvocationHelper.invokeMethod(MethodInvocationHelper.java:133)\r\n\tat org.testng.internal.TestInvoker.invokeMethod(TestInvoker.java:598)\r\n\tat org.testng.internal.TestInvoker.invokeTestMethod(TestInvoker.java:173)\r\n\tat org.testng.internal.MethodRunner.runInSequence(MethodRunner.java:46)\r\n\tat org.testng.internal.TestInvoker$MethodInvocationAgent.invoke(TestInvoker.java:824)\r\n\tat org.testng.internal.TestInvoker.invokeTestMethods(TestInvoker.java:146)\r\n\tat org.testng.internal.TestMethodWorker.invokeTestMethods(TestMethodWorker.java:146)\r\n\tat org.testng.internal.TestMethodWorker.run(TestMethodWorker.java:128)\r\n\tat java.base/java.util.ArrayList.forEach(ArrayList.java:1511)\r\n\tat org.testng.TestRunner.privateRun(TestRunner.java:794)\r\n\tat org.testng.TestRunner.run(TestRunner.java:596)\r\n\tat org.testng.SuiteRunner.runTest(SuiteRunner.java:377)\r\n\tat org.testng.SuiteRunner.runSequentially(SuiteRunner.java:371)\r\n\tat org.testng.SuiteRunner.privateRun(SuiteRunner.java:332)\r\n\tat org.testng.SuiteRunner.run(SuiteRunner.java:276)\r\n\tat org.testng.SuiteRunnerWorker.runSuite(SuiteRunnerWorker.java:53)\r\n\tat org.testng.SuiteRunnerWorker.run(SuiteRunnerWorker.java:96)\r\n\tat org.testng.TestNG.runSuitesSequentially(TestNG.java:1212)\r\n\tat org.testng.TestNG.runSuitesLocally(TestNG.java:1134)\r\n\tat org.testng.TestNG.runSuites(TestNG.java:1063)\r\n\tat org.testng.TestNG.run(TestNG.java:1031)\r\n\tat com.intellij.rt.testng.IDEARemoteTestNG.run(IDEARemoteTestNG.java:66)\r\n\tat com.intellij.rt.testng.RemoteTestNGStarter.main(RemoteTestNGStarter.java:105)\r\n"},"stage":"finished","steps":[],"attachments":[],"parameters":[{"name":"numberOfTime","value":"1"},{"name":"isFuture","value":"false"}],"start":1762242402487,"stop":1762242403568}],"attachments":[],"parameters":[],"start":1762242393550,"stop":1762242403570,"uuid":"c476a585-5780-40f7-819c-2e8a2796e86c","historyId":"c23dc702b266a4d34631db294d00b6ab","fullName":"SanityTest.test04_approvalMedicationToPatient","labels":[{"name":"package","value":"SanityTest"},{"name":"testClass","value":"SanityTest"},{"name":"testMethod","value":"test04_approvalMedicationToPatient"},{"name":"parentSuite","value":"Default Suite"},{"name":"suite","value":"AutomationProject_emr"},{"name":"subSuite","value":"SanityTest"},{"name":"host","value":"COMPU_EFRAT"},{"name":"thread","value":"14816@COMPU_EFRAT.main(1)"},{"name":"framework","value":"testng"},{"name":"language","value":"java"}],"links":[]}