{"name":"Verify count of patients list","status":"failed","statusDetails":{"known":false,"muted":false,"flaky":false,"message":"expected [30] but found [19]","trace":"java.lang.AssertionError: expected [30] but found [19]\r\n\tat org.testng.Assert.fail(Assert.java:99)\r\n\tat org.testng.Assert.failNotEquals(Assert.java:1037)\r\n\tat org.testng.Assert.assertEqualsImpl(Assert.java:140)\r\n\tat org.testng.Assert.assertEquals(Assert.java:122)\r\n\tat org.testng.Assert.assertEquals(Assert.java:907)\r\n\tat org.testng.Assert.assertEquals(Assert.java:917)\r\n\tat extensions.Verifications.numberOfElement(Verifications.java:42)\r\n\tat SanityTest.test06_verifyListPatients(SanityTest.java:76)\r\n\tat java.base/jdk.internal.reflect.DirectMethodHandleAccessor.invoke(DirectMethodHandleAccessor.java:104)\r\n\tat java.base/java.lang.reflect.Method.invoke(Method.java:578)\r\n\tat org.testng.internal.MethodInvocationHelper.invokeMethod(MethodInvocationHelper.java:133)\r\n\tat org.testng.internal.TestInvoker.invokeMethod(TestInvoker.java:598)\r\n\tat org.testng.internal.TestInvoker.invokeTestMethod(TestInvoker.java:173)\r\n\tat org.testng.internal.MethodRunner.runInSequence(MethodRunner.java:46)\r\n\tat org.testng.internal.TestInvoker$MethodInvocationAgent.invoke(TestInvoker.java:824)\r\n\tat org.testng.internal.TestInvoker.invokeTestMethods(TestInvoker.java:146)\r\n\tat org.testng.internal.TestMethodWorker.invokeTestMethods(TestMethodWorker.java:146)\r\n\tat org.testng.internal.TestMethodWorker.run(TestMethodWorker.java:128)\r\n\tat java.base/java.util.ArrayList.forEach(ArrayList.java:1511)\r\n\tat org.testng.TestRunner.privateRun(TestRunner.java:794)\r\n\tat org.testng.TestRunner.run(TestRunner.java:596)\r\n\tat org.testng.SuiteRunner.runTest(SuiteRunner.java:377)\r\n\tat org.testng.SuiteRunner.runSequentially(SuiteRunner.java:371)\r\n\tat org.testng.SuiteRunner.privateRun(SuiteRunner.java:332)\r\n\tat org.testng.SuiteRunner.run(SuiteRunner.java:276)\r\n\tat org.testng.SuiteRunnerWorker.runSuite(SuiteRunnerWorker.java:53)\r\n\tat org.testng.SuiteRunnerWorker.run(SuiteRunnerWorker.java:96)\r\n\tat org.testng.TestNG.runSuitesSequentially(TestNG.java:1212)\r\n\tat org.testng.TestNG.runSuitesLocally(TestNG.java:1134)\r\n\tat org.testng.TestNG.runSuites(TestNG.java:1063)\r\n\tat org.testng.TestNG.run(TestNG.java:1031)\r\n\tat com.intellij.rt.testng.IDEARemoteTestNG.run(IDEARemoteTestNG.java:66)\r\n\tat com.intellij.rt.testng.RemoteTestNGStarter.main(RemoteTestNGStarter.java:105)\r\n"},"stage":"finished","steps":[{"name":" Login With Choose Role","status":"passed","stage":"finished","steps":[{"name":"Update Text Element","status":"passed","stage":"finished","steps":[],"attachments":[],"parameters":[{"name":"elem","value":"[[ChromeDriver: chrome on windows (8be6c06ffb96dd180c988b18a065dca1)] -> id: user_name]"},{"name":"text","value":"test"}],"start":1761739136632,"stop":1761739136726},{"name":"Update Text Element","status":"passed","stage":"finished","steps":[],"attachments":[],"parameters":[{"name":"elem","value":"[[ChromeDriver: chrome on windows (8be6c06ffb96dd180c988b18a065dca1)] -> id: password]"},{"name":"text","value":"Te231121"}],"start":1761739136744,"stop":1761739136844},{"name":"Click on Element","status":"passed","stage":"finished","steps":[],"attachments":[],"parameters":[{"name":"elem","value":"[[ChromeDriver: chrome on windows (8be6c06ffb96dd180c988b18a065dca1)] -> id: submitBtn]"}],"start":1761739136859,"stop":1761739136958},{"name":"Select text from List","status":"passed","stage":"finished","steps":[{"name":"Click on Element","status":"passed","stage":"finished","steps":[],"attachments":[],"parameters":[{"name":"elem","value":"[[ChromeDriver: chrome on windows (8be6c06ffb96dd180c988b18a065dca1)] -> tag name: li]"}],"start":1761739137245,"stop":1761739137317}],"attachments":[],"parameters":[{"name":"list","value":"[[[ChromeDriver: chrome on windows (8be6c06ffb96dd180c988b18a065dca1)] -> tag name: li], [[ChromeDriver: chrome on windows (8be6c06ffb96dd180c988b18a065dca1)] -> tag name: li], [[ChromeDriver: chrome on windows (8be6c06ffb96dd180c988b18a065dca1)] -> tag name: li], [[ChromeDriver: chrome on windows (8be6c06ffb96dd180c988b18a065dca1)] -> tag name: li], [[ChromeDriver: chrome on windows (8be6c06ffb96dd180c988b18a065dca1)] -> tag name: li], [[ChromeDriver: chrome on windows (8be6c06ffb96dd180c988b18a065dca1)] -> tag name: li], [[ChromeDriver: chrome on windows (8be6c06ffb96dd180c988b18a065dca1)] -> tag name: li], [[ChromeDriver: chrome on windows (8be6c06ffb96dd180c988b18a065dca1)] -> tag name: li], [[ChromeDriver: chrome on windows (8be6c06ffb96dd180c988b18a065dca1)] -> tag name: li], [[ChromeDriver: chrome on windows (8be6c06ffb96dd180c988b18a065dca1)] -> tag name: li], [[ChromeDriver: chrome on windows (8be6c06ffb96dd180c988b18a065dca1)] -> tag name: li]]"},{"name":"text","value":"רופא"}],"start":1761739137224,"stop":1761739137317}],"attachments":[],"parameters":[{"name":"r","value":"d"}],"start":1761739136598,"stop":1761739141326},{"name":"Verify count","status":"failed","statusDetails":{"known":false,"muted":false,"flaky":false,"message":"expected [30] but found [19]","trace":"java.lang.AssertionError: expected [30] but found [19]\r\n\tat org.testng.Assert.fail(Assert.java:99)\r\n\tat org.testng.Assert.failNotEquals(Assert.java:1037)\r\n\tat org.testng.Assert.assertEqualsImpl(Assert.java:140)\r\n\tat org.testng.Assert.assertEquals(Assert.java:122)\r\n\tat org.testng.Assert.assertEquals(Assert.java:907)\r\n\tat org.testng.Assert.assertEquals(Assert.java:917)\r\n\tat extensions.Verifications.numberOfElement(Verifications.java:42)\r\n\tat SanityTest.test06_verifyListPatients(SanityTest.java:76)\r\n\tat java.base/jdk.internal.reflect.DirectMethodHandleAccessor.invoke(DirectMethodHandleAccessor.java:104)\r\n\tat java.base/java.lang.reflect.Method.invoke(Method.java:578)\r\n\tat org.testng.internal.MethodInvocationHelper.invokeMethod(MethodInvocationHelper.java:133)\r\n\tat org.testng.internal.TestInvoker.invokeMethod(TestInvoker.java:598)\r\n\tat org.testng.internal.TestInvoker.invokeTestMethod(TestInvoker.java:173)\r\n\tat org.testng.internal.MethodRunner.runInSequence(MethodRunner.java:46)\r\n\tat org.testng.internal.TestInvoker$MethodInvocationAgent.invoke(TestInvoker.java:824)\r\n\tat org.testng.internal.TestInvoker.invokeTestMethods(TestInvoker.java:146)\r\n\tat org.testng.internal.TestMethodWorker.invokeTestMethods(TestMethodWorker.java:146)\r\n\tat org.testng.internal.TestMethodWorker.run(TestMethodWorker.java:128)\r\n\tat java.base/java.util.ArrayList.forEach(ArrayList.java:1511)\r\n\tat org.testng.TestRunner.privateRun(TestRunner.java:794)\r\n\tat org.testng.TestRunner.run(TestRunner.java:596)\r\n\tat org.testng.SuiteRunner.runTest(SuiteRunner.java:377)\r\n\tat org.testng.SuiteRunner.runSequentially(SuiteRunner.java:371)\r\n\tat org.testng.SuiteRunner.privateRun(SuiteRunner.java:332)\r\n\tat org.testng.SuiteRunner.run(SuiteRunner.java:276)\r\n\tat org.testng.SuiteRunnerWorker.runSuite(SuiteRunnerWorker.java:53)\r\n\tat org.testng.SuiteRunnerWorker.run(SuiteRunnerWorker.java:96)\r\n\tat org.testng.TestNG.runSuitesSequentially(TestNG.java:1212)\r\n\tat org.testng.TestNG.runSuitesLocally(TestNG.java:1134)\r\n\tat org.testng.TestNG.runSuites(TestNG.java:1063)\r\n\tat org.testng.TestNG.run(TestNG.java:1031)\r\n\tat com.intellij.rt.testng.IDEARemoteTestNG.run(IDEARemoteTestNG.java:66)\r\n\tat com.intellij.rt.testng.RemoteTestNGStarter.main(RemoteTestNGStarter.java:105)\r\n"},"stage":"finished","steps":[],"attachments":[],"parameters":[{"name":"count","value":"19"},{"name":"expected","value":"30"}],"start":1761739141350,"stop":1761739141355}],"attachments":[],"parameters":[],"start":1761739136516,"stop":1761739141361,"uuid":"d46b7772-a486-4ca9-8943-f952b0ed8c71","historyId":"89ae797cd4e0b71544fcf3f2b9d1526f","fullName":"SanityTest.test06_verifyListPatients","labels":[{"name":"package","value":"SanityTest"},{"name":"testClass","value":"SanityTest"},{"name":"testMethod","value":"test06_verifyListPatients"},{"name":"parentSuite","value":"Default Suite"},{"name":"suite","value":"AutomationProject_emr"},{"name":"subSuite","value":"SanityTest"},{"name":"host","value":"COMPU_EFRAT"},{"name":"thread","value":"9704@COMPU_EFRAT.main(1)"},{"name":"framework","value":"testng"},{"name":"language","value":"java"}],"links":[]}