-------------------------------------------------------------------------------
Test set: regression.emergency.doctorTests
-------------------------------------------------------------------------------
Tests run: 1, Failures: 1, Errors: 0, Skipped: 0, Time elapsed: 22.45 s <<< FAILURE! - in regression.emergency.doctorTests
chooseDepartment(regression.emergency.doctorTests)  Time elapsed: 8.705 s  <<< FAILURE!
java.lang.AssertionError: did not expect to find [true] but found [false]
	at regression.emergency.doctorTests.chooseDepartment(doctorTests.java:39)

