<?xml version="1.0" encoding="UTF-8"?>
<testng-results ignored="0" total="1" passed="1" failed="0" skipped="0">
  <reporter-output>
  </reporter-output>
  <suite started-at="2023-02-26T12:31:39 IST" name="regression_3" finished-at="2023-02-26T12:32:53 IST" duration-ms="74030">
    <groups>
    </groups>
    <test started-at="2023-02-26T12:31:39 IST" name="emergency_addGeneralInsNotSaveAt5" finished-at="2023-02-26T12:32:53 IST" duration-ms="74030">
      <class name="regression.regression3">
        <test-method is-config="true" signature="BeforeSuite()[pri:0, instance:regression.regression3@736ac09a]" started-at="2023-02-26T12:31:39 IST" name="BeforeSuite" finished-at="2023-02-26T12:31:39 IST" duration-ms="416" status="PASS">
          <reporter-output>
          </reporter-output>
        </test-method> <!-- BeforeSuite -->
        <test-method is-config="true" signature="startSession()[pri:0, instance:regression.regression3@736ac09a]" started-at="2023-02-26T12:31:39 IST" name="startSession" finished-at="2023-02-26T12:31:47 IST" duration-ms="7426" status="PASS">
          <reporter-output>
          </reporter-output>
        </test-method> <!-- startSession -->
        <test-method signature="addDrugDailyToPatient()[pri:0, instance:regression.regression3@736ac09a]" started-at="2023-02-26T12:31:47 IST" name="addDrugDailyToPatient" description="add one daily drug patient" finished-at="2023-02-26T12:32:51 IST" duration-ms="64647" status="PASS">
          <reporter-output>
          </reporter-output>
        </test-method> <!-- addDrugDailyToPatient -->
        <test-method is-config="true" signature="afterMethod()[pri:0, instance:regression.regression3@736ac09a]" started-at="2023-02-26T12:32:51 IST" name="afterMethod" finished-at="2023-02-26T12:32:53 IST" duration-ms="1411" status="PASS">
          <reporter-output>
          </reporter-output>
        </test-method> <!-- afterMethod -->
        <test-method is-config="true" signature="closeSession()[pri:0, instance:regression.regression3@736ac09a]" started-at="2023-02-26T12:32:53 IST" name="closeSession" finished-at="2023-02-26T12:32:53 IST" duration-ms="418" status="PASS">
          <reporter-output>
          </reporter-output>
        </test-method> <!-- closeSession -->
      </class> <!-- regression.regression3 -->
    </test> <!-- emergency_addGeneralInsNotSaveAt5 -->
  </suite> <!-- regression_3 -->
</testng-results>
