<?xml version="1.0" encoding="UTF-8"?>
<!-- Generated by org.testng.reporters.JUnitXMLReporter -->
<testsuite ignored="0" hostname="COMPU_EFRAT" failures="1" tests="1" name="addAndExecute_emergency" time="13.124" errors="0" timestamp="2023-02-08T04:20:22 IST">
  <testcase classname="regression.regression2" name="addAndSaveAllInstructionToPatient" time="3.294">
    <failure type="org.openqa.selenium.ElementClickInterceptedException" message="element click intercepted: Element &amp;lt;input _ngcontent-kke-c8=&amp;quot;&amp;quot; aria-multiline=&amp;quot;false&amp;quot; autocapitalize=&amp;quot;off&amp;quot; autocorrect=&amp;quot;off&amp;quot; class=&amp;quot;btn-default dropdown-toggle unitText1 dropDep change-dep-btn ng-untouched ng-pristine ng-valid&amp;quot; dontlock=&amp;quot;true&amp;quot; id=&amp;quot;dropdownBasic1&amp;quot; role=&amp;quot;combobox&amp;quot; type=&amp;quot;text&amp;quot; ng-reflect-input-formatter=&amp;quot;function (selectItem) {
      &amp;quot; ng-reflect-ngb-typeahead=&amp;quot;function (text$) {
           &amp;quot; ng-reflect-result-formatter=&amp;quot;function (selectItem) {
      &amp;quot; ng-reflect-model=&amp;quot;[object Object]&amp;quot; autocomplete=&amp;quot;off&amp;quot; aria-autocomplete=&amp;quot;list&amp;quot; aria-expanded=&amp;quot;false&amp;quot;&amp;gt; is not clickable at point (1815, 83). Other element would receive the click: &amp;lt;div _ngcontent-kke-c3=&amp;quot;&amp;quot; class=&amp;quot;overlay&amp;quot; ng-reflect-ng-style=&amp;quot;[object Object]&amp;quot; style=&amp;quot;background-color: rgba(51, 51, 51, 0.5); position: fixed;&amp;quot;&amp;gt;...&amp;lt;/div&amp;gt;
  (Session info: chrome=108.0.5359.125)
Build info: version: &amp;apos;4.0.0-alpha-7&amp;apos;, revision: &amp;apos;de8579b6d5&amp;apos;
System info: host: &amp;apos;COMPU_EFRAT&amp;apos;, ip: &amp;apos;172.20.8.167&amp;apos;, os.name: &amp;apos;Windows 10&amp;apos;, os.arch: &amp;apos;amd64&amp;apos;, os.version: &amp;apos;10.0&amp;apos;, java.version: &amp;apos;17.0.4.1&amp;apos;
Driver info: org.openqa.selenium.chrome.ChromeDriver
Capabilities {acceptInsecureCerts: false, browserName: chrome, browserVersion: 108.0.5359.125, chrome: {chromedriverVersion: 108.0.5359.71 (1e0e3868ee06..., userDataDir: C:\Users\efeldman\AppData\L...}, goog:chromeOptions: {debuggerAddress: localhost:51309}, javascriptEnabled: true, networkConnectionEnabled: false, pageLoadStrategy: normal, platform: WINDOWS, platformName: WINDOWS, proxy: Proxy(), setWindowRect: true, strictFileInteractability: false, timeouts: {implicit: 0, pageLoad: 300000, script: 30000}, unhandledPromptBehavior: dismiss and notify, webauthn:extension:credBlob: true, webauthn:extension:largeBlob: true, webauthn:virtualAuthenticators: true}
Session ID: 3411ea52b6a01141439b9382d5c8d447">
      <![CDATA[org.openqa.selenium.ElementClickInterceptedException: element click intercepted: Element <input _ngcontent-kke-c8="" aria-multiline="false" autocapitalize="off" autocorrect="off" class="btn-default dropdown-toggle unitText1 dropDep change-dep-btn ng-untouched ng-pristine ng-valid" dontlock="true" id="dropdownBasic1" role="combobox" type="text" ng-reflect-input-formatter="function (selectItem) {
  (Session info: chrome=108.0.5359.125)
Build info: version: '4.0.0-alpha-7', revision: 'de8579b6d5'
System info: host: 'COMPU_EFRAT', ip: '172.20.8.167', os.name: 'Windows 10', os.arch: 'amd64', os.version: '10.0', java.version: '17.0.4.1'
Driver info: org.openqa.selenium.chrome.ChromeDriver
Capabilities {acceptInsecureCerts: false, browserName: chrome, browserVersion: 108.0.5359.125, chrome: {chromedriverVersion: 108.0.5359.71 (1e0e3868ee06..., userDataDir: C:\Users\efeldman\AppData\L...}, goog:chromeOptions: {debuggerAddress: localhost:51309}, javascriptEnabled: true, networkConnectionEnabled: false, pageLoadStrategy: normal, platform: WINDOWS, platformName: WINDOWS, proxy: Proxy(), setWindowRect: true, strictFileInteractability: false, timeouts: {implicit: 0, pageLoad: 300000, script: 30000}, unhandledPromptBehavior: dismiss and notify, webauthn:extension:credBlob: true, webauthn:extension:largeBlob: true, webauthn:virtualAuthenticators: true}
Session ID: 3411ea52b6a01141439b9382d5c8d447
at org.openqa.selenium.remote.codec.w3c.W3CHttpResponseCodec.createException(W3CHttpResponseCodec.java:196)
at org.openqa.selenium.remote.codec.w3c.W3CHttpResponseCodec.decode(W3CHttpResponseCodec.java:129)
at org.openqa.selenium.remote.codec.w3c.W3CHttpResponseCodec.decode(W3CHttpResponseCodec.java:53)
at org.openqa.selenium.remote.HttpCommandExecutor.execute(HttpCommandExecutor.java:167)
at org.openqa.selenium.remote.service.DriverCommandExecutor.execute(DriverCommandExecutor.java:123)
at org.openqa.selenium.remote.RemoteWebDriver.execute(RemoteWebDriver.java:501)
at org.openqa.selenium.remote.RemoteWebElement.execute(RemoteWebElement.java:238)
at org.openqa.selenium.remote.RemoteWebElement.click(RemoteWebElement.java:79)
at org.openqa.selenium.support.pagefactory.internal.LocatingElementHandler.invoke(LocatingElementHandler.java:52)
at jdk.proxy2/jdk.proxy2.$Proxy18.click(Unknown Source)
at extensions.UIActions.click(UIActions.java:43)
at workflows.departmentFlows.chooseDepartment(departmentFlows.java:14)
at regression.regression2.addAndSaveAllInstructionToPatient(regression2.java:25)
at java.base/java.util.ArrayList.forEach(ArrayList.java:1511)
... Removed 43 stack frames]]>
    </failure>
  </testcase> <!-- addAndSaveAllInstructionToPatient -->
</testsuite> <!-- addAndExecute_emergency -->
