<?xml version="1.0" encoding="UTF-8"?>
<!-- Generated by org.testng.reporters.JUnitXMLReporter -->
<testsuite ignored="0" hostname="COMPU_EFRAT" failures="1" tests="1" name="addGeneralInsAt4" time="15.467" errors="0" timestamp="2023-01-09T04:20:31 IST">
  <testcase classname="regression.regression2" name="addAndSaveGeneralInsAt4" time="6.581">
    <failure type="java.lang.IndexOutOfBoundsException" message="Index 4 out of bounds for length 0">
      <![CDATA[java.lang.IndexOutOfBoundsException: Index 4 out of bounds for length 0
at java.base/jdk.internal.util.Preconditions.outOfBounds(Preconditions.java:64)
at java.base/jdk.internal.util.Preconditions.outOfBoundsCheckIndex(Preconditions.java:70)
at java.base/jdk.internal.util.Preconditions.checkIndex(Preconditions.java:266)
at java.base/java.util.Objects.checkIndex(Objects.java:359)
at java.base/java.util.ArrayList.get(ArrayList.java:427)
at org.openqa.selenium.support.pagefactory.internal.LocatingElementListHandler.invoke(LocatingElementListHandler.java:40)
at jdk.proxy2/jdk.proxy2.$Proxy19.get(Unknown Source)
at workflows.WebFlows.patientBoxEntry(WebFlows.java:68)
at regression.regression2.addAndSaveGeneralInsAt4(regression2.java:23)
at java.base/java.util.ArrayList.forEach(ArrayList.java:1511)
... Removed 35 stack frames]]>
    </failure>
  </testcase> <!-- addAndSaveGeneralInsAt4 -->
</testsuite> <!-- addGeneralInsAt4 -->
