<?xml version="1.0" encoding="UTF-8"?>
<!-- Generated by org.testng.reporters.JUnitXMLReporter -->
<testsuite hostname="COMPU_EFRAT" ignored="12" name="drugSOSTest" tests="6" failures="0" timestamp="2021-07-27T15:53:18 IDT" time="69.925" errors="0">
  <testcase name="verify_AddAndSaveDrugsSOSFromFile" time="9.548" classname="sanity.instructions.DrugScenarios"/>
  <testcase name="verify_AddAndSaveDrugsSOSFromFile" time="9.701" classname="sanity.instructions.DrugScenarios"/>
  <testcase name="verify_AddAndSaveDrugsSOSFromFile" time="10.814" classname="sanity.instructions.DrugScenarios"/>
  <testcase name="verify_doctorSignatureOnAllUnsignedInstruction" time="9.599" classname="sanity.instructions.DrugScenarios"/>
  <testcase name="verify_nurseApprovalAllDrugsSOS" time="8.98" classname="sanity.instructions.DrugScenarios"/>
  <testcase name="verify_execute" time="8.338" classname="sanity.instructions.DrugScenarios"/>
  <testcase name="test007_verifyTableDrugOnceOnly" time="0.0" classname="sanity.instructions.DrugScenarios">
    <ignored/>
  </testcase> <!-- test007_verifyTableDrugOnceOnly -->
  <testcase name="verify_supervisionPlusExecute" time="0.0" classname="sanity.instructions.DrugScenarios">
    <ignored/>
  </testcase> <!-- verify_supervisionPlusExecute -->
  <testcase name="verify_nurseApprovalAllDrugsDaily" time="0.0" classname="sanity.instructions.DrugScenarios">
    <ignored/>
  </testcase> <!-- verify_nurseApprovalAllDrugsDaily -->
  <testcase name="test006_verify_AddAndSavaDrugsDailyFromList" time="0.0" classname="sanity.instructions.DrugScenarios">
    <ignored/>
  </testcase> <!-- test006_verify_AddAndSavaDrugsDailyFromList -->
  <testcase name="verify_AddAndSaveDrugDailyAsRiskFromFile" time="0.0" classname="sanity.instructions.DrugScenarios">
    <ignored/>
  </testcase> <!-- verify_AddAndSaveDrugDailyAsRiskFromFile -->
  <testcase name="verify_stopAllDrugs" time="0.0" classname="sanity.instructions.DrugScenarios">
    <ignored/>
  </testcase> <!-- verify_stopAllDrugs -->
  <testcase name="test008_AllPages_add_approval_execute_DrugOnceOnly" time="0.0" classname="sanity.instructions.DrugScenarios">
    <ignored/>
  </testcase> <!-- test008_AllPages_add_approval_execute_DrugOnceOnly -->
  <testcase name="verify_AddAndSaveDrugsDailyFromFile" time="0.0" classname="sanity.instructions.DrugScenarios">
    <ignored/>
  </testcase> <!-- verify_AddAndSaveDrugsDailyFromFile -->
  <testcase name="test07_verifyAddDrugFormPage_AfterSelectDrugTheDosageFieldIsFull" time="0.0" classname="sanity.instructions.DrugScenarios">
    <ignored/>
  </testcase> <!-- test07_verifyAddDrugFormPage_AfterSelectDrugTheDosageFieldIsFull -->
  <testcase name="approvalDrugsOnceOnly" time="0.0" classname="sanity.instructions.DrugScenarios">
    <ignored/>
  </testcase> <!-- approvalDrugsOnceOnly -->
  <testcase name="test07_verify_AddDrugFormPage_inputSelectDrugIsEmpty" time="0.0" classname="sanity.instructions.DrugScenarios">
    <ignored/>
  </testcase> <!-- test07_verify_AddDrugFormPage_inputSelectDrugIsEmpty -->
  <testcase name="test006_verify_AddAndSavaInfectiousDiseaseSpecialistDrugsFromFile" time="0.0" classname="sanity.instructions.DrugScenarios">
    <ignored/>
  </testcase> <!-- test006_verify_AddAndSavaInfectiousDiseaseSpecialistDrugsFromFile -->
</testsuite> <!-- drugSOSTest -->
