<?xml version="1.0" encoding="UTF-8"?>
<!-- Generated by org.testng.reporters.JUnitXMLReporter -->
<testsuite ignored="0" hostname="COMPU_EFRAT" failures="1" tests="1" name="addApprovalAndExecute" time="31.109" errors="0" timestamp="2023-02-22T11:58:54 IST">
  <testcase classname="regression.regression1" name="addToPatientAllPossibilityIns" time="20.373">
    <failure type="org.openqa.selenium.ElementClickInterceptedException" message="element click intercepted: Element &amp;lt;input _ngcontent-kvn-c18=&amp;quot;&amp;quot; type=&amp;quot;checkbox&amp;quot; ng-reflect-is-disabled=&amp;quot;false&amp;quot; ng-reflect-model=&amp;quot;false&amp;quot; id=&amp;quot;generalInsDayModeCheckbox_1582570&amp;quot; class=&amp;quot;ng-untouched ng-pristine ng-valid&amp;quot;&amp;gt; is not clickable at point (1689, 200). Other element would receive the click: &amp;lt;div _ngcontent-kvn-c18=&amp;quot;&amp;quot; class=&amp;quot;col-sm-10&amp;quot;&amp;gt;...&amp;lt;/div&amp;gt;
  (Session info: chrome=108.0.5359.125)
Build info: version: &amp;apos;4.0.0-alpha-7&amp;apos;, revision: &amp;apos;de8579b6d5&amp;apos;
System info: host: &amp;apos;COMPU_EFRAT&amp;apos;, ip: &amp;apos;172.20.8.167&amp;apos;, os.name: &amp;apos;Windows 10&amp;apos;, os.arch: &amp;apos;amd64&amp;apos;, os.version: &amp;apos;10.0&amp;apos;, java.version: &amp;apos;17.0.4.1&amp;apos;
Driver info: org.openqa.selenium.chrome.ChromeDriver
Capabilities {acceptInsecureCerts: false, browserName: chrome, browserVersion: 108.0.5359.125, chrome: {chromedriverVersion: 108.0.5359.71 (1e0e3868ee06..., userDataDir: C:\Users\efeldman\AppData\L...}, goog:chromeOptions: {debuggerAddress: localhost:55192}, javascriptEnabled: true, networkConnectionEnabled: false, pageLoadStrategy: normal, platform: WINDOWS, platformName: WINDOWS, proxy: Proxy(), setWindowRect: true, strictFileInteractability: false, timeouts: {implicit: 0, pageLoad: 300000, script: 30000}, unhandledPromptBehavior: dismiss and notify, webauthn:extension:credBlob: true, webauthn:extension:largeBlob: true, webauthn:virtualAuthenticators: true}
Session ID: 020eebe8d90d18bb70a696d4d6f8bac9">
      <![CDATA[org.openqa.selenium.ElementClickInterceptedException: element click intercepted: Element <input _ngcontent-kvn-c18="" type="checkbox" ng-reflect-is-disabled="false" ng-reflect-model="false" id="generalInsDayModeCheckbox_1582570" class="ng-untouched ng-pristine ng-valid"> is not clickable at point (1689, 200). Other element would receive the click: <div _ngcontent-kvn-c18="" class="col-sm-10">...</div>
  (Session info: chrome=108.0.5359.125)
Build info: version: '4.0.0-alpha-7', revision: 'de8579b6d5'
System info: host: 'COMPU_EFRAT', ip: '172.20.8.167', os.name: 'Windows 10', os.arch: 'amd64', os.version: '10.0', java.version: '17.0.4.1'
Driver info: org.openqa.selenium.chrome.ChromeDriver
Capabilities {acceptInsecureCerts: false, browserName: chrome, browserVersion: 108.0.5359.125, chrome: {chromedriverVersion: 108.0.5359.71 (1e0e3868ee06..., userDataDir: C:\Users\efeldman\AppData\L...}, goog:chromeOptions: {debuggerAddress: localhost:55192}, javascriptEnabled: true, networkConnectionEnabled: false, pageLoadStrategy: normal, platform: WINDOWS, platformName: WINDOWS, proxy: Proxy(), setWindowRect: true, strictFileInteractability: false, timeouts: {implicit: 0, pageLoad: 300000, script: 30000}, unhandledPromptBehavior: dismiss and notify, webauthn:extension:credBlob: true, webauthn:extension:largeBlob: true, webauthn:virtualAuthenticators: true}
Session ID: 020eebe8d90d18bb70a696d4d6f8bac9
at org.openqa.selenium.remote.codec.w3c.W3CHttpResponseCodec.createException(W3CHttpResponseCodec.java:196)
at org.openqa.selenium.remote.codec.w3c.W3CHttpResponseCodec.decode(W3CHttpResponseCodec.java:129)
at org.openqa.selenium.remote.codec.w3c.W3CHttpResponseCodec.decode(W3CHttpResponseCodec.java:53)
at org.openqa.selenium.remote.HttpCommandExecutor.execute(HttpCommandExecutor.java:167)
at org.openqa.selenium.remote.service.DriverCommandExecutor.execute(DriverCommandExecutor.java:123)
at org.openqa.selenium.remote.RemoteWebDriver.execute(RemoteWebDriver.java:501)
at org.openqa.selenium.remote.RemoteWebElement.execute(RemoteWebElement.java:238)
at org.openqa.selenium.remote.RemoteWebElement.click(RemoteWebElement.java:79)
at extensions.UIActions.click(UIActions.java:43)
at workflows.nurse.nurseFlows.executeAllGeneralInsAfterApprovalNurse(nurseFlows.java:316)
at regression.regression1.addToPatientAllPossibilityIns(regression1.java:123)
at java.base/java.util.ArrayList.forEach(ArrayList.java:1511)
... Removed 36 stack frames]]>
    </failure>
  </testcase> <!-- addToPatientAllPossibilityIns -->
</testsuite> <!-- addApprovalAndExecute -->
