<?xml version="1.0" encoding="UTF-8"?>
<!-- Generated by org.testng.reporters.JUnitXMLReporter -->
<testsuite ignored="0" hostname="COMPU_EFRAT" failures="2" tests="4" name="emergencyTest" time="75.399" errors="0" timestamp="2022-12-07T00:18:36 IST">
  <testcase classname="regression.emergency.DoctorEmergency" name="test01_checkHospitalStockCheckbox" time="11.35"/>
  <testcase classname="regression.emergency.DoctorEmergency" name="test02_checkPossibilitiesInDrugForm" time="11.519"/>
  <testcase classname="regression.emergency.DoctorEmergency" name="test03_addDrugOnceOnly" time="21.362">
    <failure type="java.lang.IndexOutOfBoundsException" message="Index 0 out of bounds for length 0">
      <![CDATA[java.lang.IndexOutOfBoundsException: Index 0 out of bounds for length 0
at java.base/jdk.internal.util.Preconditions.outOfBounds(Preconditions.java:64)
at java.base/jdk.internal.util.Preconditions.outOfBoundsCheckIndex(Preconditions.java:70)
at java.base/jdk.internal.util.Preconditions.checkIndex(Preconditions.java:266)
at java.base/java.util.Objects.checkIndex(Objects.java:359)
at java.base/java.util.ArrayList.get(ArrayList.java:427)
at org.openqa.selenium.support.pagefactory.internal.LocatingElementListHandler.invoke(LocatingElementListHandler.java:40)
at jdk.proxy2/jdk.proxy2.$Proxy19.get(Unknown Source)
at workflows.doctor.drugFlows.addAndSaveDrugOnceOnlyToPatient(drugFlows.java:23)
at regression.emergency.DoctorEmergency.test03_addDrugOnceOnly(DoctorEmergency.java:58)
at java.base/java.util.ArrayList.forEach(ArrayList.java:1511)
... Removed 34 stack frames]]>
    </failure>
  </testcase> <!-- test03_addDrugOnceOnly -->
  <testcase classname="regression.emergency.DoctorEmergency" name="test04_addDrugOnceOnlyAndExecute" time="21.345">
    <failure type="java.lang.IndexOutOfBoundsException" message="Index 0 out of bounds for length 0">
      <![CDATA[java.lang.IndexOutOfBoundsException: Index 0 out of bounds for length 0
at java.base/jdk.internal.util.Preconditions.outOfBounds(Preconditions.java:64)
at java.base/jdk.internal.util.Preconditions.outOfBoundsCheckIndex(Preconditions.java:70)
at java.base/jdk.internal.util.Preconditions.checkIndex(Preconditions.java:266)
at java.base/java.util.Objects.checkIndex(Objects.java:359)
at java.base/java.util.ArrayList.get(ArrayList.java:427)
at org.openqa.selenium.support.pagefactory.internal.LocatingElementListHandler.invoke(LocatingElementListHandler.java:40)
at jdk.proxy2/jdk.proxy2.$Proxy19.get(Unknown Source)
at workflows.doctor.drugFlows.addAndSaveDrugOnceOnlyWithExecuteToPatient(drugFlows.java:31)
at regression.emergency.DoctorEmergency.test04_addDrugOnceOnlyAndExecute(DoctorEmergency.java:68)
at java.base/java.util.ArrayList.forEach(ArrayList.java:1511)
... Removed 34 stack frames]]>
    </failure>
  </testcase> <!-- test04_addDrugOnceOnlyAndExecute -->
</testsuite> <!-- emergencyTest -->
